"../../../Engine/Content/Functions/Engine_MaterialFunctions01/Opacity/CameraDepthFade.uasset" 0
"../../../Engine/Content/EngineMaterials/T_Default_Material_Grid_M.uasset" 1
"../../../Engine/Content/EngineMaterials/T_Default_Material_Grid_N.uasset" 2
"../../../Engine/Content/EngineMaterials/WorldGridMaterial.uasset" 3
"../../../FPS/Content/Geometry/Meshes/Box_Brush_StaticMeshFloor.uasset" 4
"../../../FPS/Content/MyContent/AI/EnemyAISimple.uasset" 5
"../../../Engine/Content/EditorBlueprintResources/StandardMacros.uasset" 6
"../../../FPS/Content/MyContent/Materials/DecalTest.uasset" 7
"../../../FPS/Content/MyContent/Materials/DecalTest_Inst.uasset" 8
"../../../FPS/Content/MyContent/Blueprints/FX/DecalActorBP.uasset" 9
"../../../FPS/Content/StarterContent/Textures/T_Burst_M.uasset" 10
"../../../FPS/Content/StarterContent/Particles/Materials/M_Burst.uasset" 11
"../../../FPS/Content/StarterContent/Textures/T_Explosion_SubUV.uasset" 12
"../../../FPS/Content/StarterContent/Particles/Materials/M_explosion_subUV.uasset" 13
"../../../FPS/Content/StarterContent/Particles/Materials/m_flare_01.uasset" 14
"../../../Engine/Content/Functions/Engine_MaterialFunctions01/Gradient/RadialGradient.uasset" 15
"../../../FPS/Content/StarterContent/Particles/Materials/M_radial_ramp.uasset" 16
"../../../FPS/Content/StarterContent/Textures/T_Smoke_SubUV.uasset" 17
"../../../FPS/Content/StarterContent/Textures/T_Smoke_Tiled_D.uasset" 18
"../../../FPS/Content/StarterContent/Particles/Materials/M_smoke_subUV.uasset" 19
"../../../FPS/Content/MyContent/Particles/P_Explosion2.uasset" 20
"../../../FPS/Content/StarterContent/Audio/Explosion_Cue.uasset" 21
"../../../FPS/Content/MyContent/Blueprints/Weapons/Projectiles/Explosion.uasset" 22
"../../../FPS/Content/MyContent/Materials/ProjectileMat.uasset" 23
"../../../FPS/Content/MyContent/Materials/ProjectileMat_Inst1.uasset" 24
"../../../Engine/Content/EngineMaterials/DefaultMaterial.uasset" 25
"../../../Engine/Content/BasicShapes/Sphere.uasset" 26
"../../../FPS/Content/StarterContent/Particles/Materials/M_Radial_Gradient.uasset" 27
"../../../FPS/Content/StarterContent/Textures/T_Spark_Core.uasset" 28
"../../../FPS/Content/StarterContent/Particles/Materials/M_Spark.uasset" 29
"../../../FPS/Content/MyContent/Particles/LaserSparks1.uasset" 30
"../../../FPS/Content/MyContent/Blueprints/Weapons/Projectiles/Projectile.uasset" 31
"../../../FPS/Content/MyContent/Blueprints/Weapons/Meshes/Weapon/Weapon1.uasset" 32
"../../../FPS/Content/MyContent/Blueprints/Weapons/Meshes/Weapon/palette.uasset" 33
"../../../FPS/Content/MyContent/Blueprints/Weapons/Meshes/Weapon/Weapon.uasset" 34
"../../../FPS/Content/MyContent/Blueprints/Weapons/Sprites/Weapon_2d.uasset" 35
"../../../FPS/Content/MyContent/Sound/Music.uasset" 36
"../../../FPS/Content/MyContent/Sound/MasterSoundClass.uasset" 37
"../../../FPS/Content/MyContent/Sound/SFX.uasset" 38
"../../../FPS/Content/MyContent/Sound/PlayerWeaponFire_Cue.uasset" 39
"../../../FPS/Content/MyContent/Blueprints/Weapons/Weapon.uasset" 40
"../../../FPS/Content/MyContent/Blueprints/GameStuff/MyGameInstance.uasset" 41
"../../../Engine/Content/EngineFonts/RobotoDistanceField.uasset" 42
"../../../FPS/Content/MyContent/Materials/TextMaterialOpaqueEmissive.uasset" 43
"../../../FPS/Content/MyContent/AI/NewAIStuff/PatrolPoint.uasset" 44
"../../../FPS/Content/MyContent/Blueprints/Drop/Mesh/HealthCrystal/HealthCrystal1.uasset" 45
"../../../FPS/Content/MyContent/Blueprints/Drop/Mesh/HealthCrystal/palette.uasset" 46
"../../../FPS/Content/MyContent/Blueprints/Drop/Mesh/HealthCrystal/HealthCrystal.uasset" 47
"../../../FPS/Content/MyContent/Blueprints/Drop/ItemDrop.uasset" 48
"../../../FPS/Content/MyContent/Materials/SimpleMat.uasset" 49
"../../../FPS/Content/MyContent/Materials/SimpleMat_Inst.uasset" 50
"../../../FPS/Content/MyContent/Blueprints/Drop/ItemDrop_Ammo.uasset" 51
"../../../FPS/Content/MyContent/Blueprints/Drop/ItemDrop_Health.uasset" 52
"../../../FPS/Content/MyContent/Blueprints/Drop/Old/HealthCrystal.uasset" 53
"../../../FPS/Content/MyContent/Blueprints/GameStuff/EnemySpawnBP/EnemyStructV2.uasset" 54
"../../../FPS/Content/MyContent/Blueprints/GameStuff/EnemySpawnBP/WaveStructV2.uasset" 55
"../../../FPS/Content/MyContent/Materials/SimpleMat_Inst2.uasset" 56
"../../../FPS/Content/MyContent/Blueprints/Enemy/Enemy_WalkerRun.uasset" 57
"../../../FPS/Content/MyContent/Blueprints/HUD/MyHUDSimple.uasset" 58
"../../../FPS/Content/MyContent/Blueprints/GameStuff/EnemySpawnBP/RadarComponent.uasset" 59
"../../../FPS/Content/MyContent/Blueprints/Enemy/Enemy_WalkerSmall.uasset" 60
"../../../FPS/Content/MyContent/Blueprints/GameStuff/EnemySpawnBP/EnemySpawnArea.uasset" 61
"../../../FPS/Content/MyContent/Blueprints/GameStuff/EnemySpawnBP/EnemySpawnComponentV2.uasset" 62
"../../../FPS/Content/MyContent/Blueprints/GameStuff/MyGameModeSimpleV2.uasset" 63
"../../../FPS/Content/MyContent/Meshes/BasicSword.uasset" 64
"../../../FPS/Content/MyContent/Blueprints/Enemy/EnemyWeapons/OverlapSimpleEnemy.uasset" 65
"../../../Engine/Content/BasicShapes/BasicShapeMaterial.uasset" 66
"../../../FPS/Content/MyContent/Sound/PlayerWeaponFire.uasset" 67
"../../../FPS/Content/MyContent/Blueprints/Enemy/EnemyWeapons/EnemyMelee.uasset" 68
"../../../FPS/Content/MyContent/Blueprints/Weapons/Melee/WeaponMeleeBase.uasset" 69
"../../../FPS/Content/TimelineCurves/SwordCollision.uasset" 70
"../../../FPS/Content/TimelineCurves/SwordPositionY.uasset" 71
"../../../FPS/Content/TimelineCurves/SwordRotationX.uasset" 72
"../../../FPS/Content/TimelineCurves/SwordRotationX2.uasset" 73
"../../../FPS/Content/TimelineCurves/PivotRotation2.uasset" 74
"../../../FPS/Content/TimelineCurves/SwordPivotRotation.uasset" 75
"../../../FPS/Content/MyContent/Blueprints/Weapons/Melee/Meshes/Sword/Sword1.uasset" 76
"../../../FPS/Content/MyContent/Blueprints/Weapons/Melee/Meshes/Sword/palette.uasset" 77
"../../../FPS/Content/MyContent/Blueprints/Weapons/Melee/Meshes/Sword/Sword.uasset" 78
"../../../FPS/Content/MyContent/Blueprints/Weapons/Melee/WeaponMeleeBase_Sword.uasset" 79
"../../../FPS/Content/MyContent/AI/NewAIStuff/BTTask_Attack_Sword.uasset" 80
"../../../FPS/Content/MyContent/AI/NewAIStuff/BTTask_FindPlayer.uasset" 81
"../../../FPS/Content/MyContent/AI/NewAIStuff/BTTask_SetFocus.uasset" 82
"../../../FPS/Content/MyContent/AI/NewAIStuff/BT_Basic_Enemy_Sword.uasset" 83
"../../../FPS/Content/MyContent/AI/NewAIStuff/AI_Controller_Basic_Enemy_Walker.uasset" 84
"../../../FPS/Content/MyContent/Blueprints/Enemy/Enemy_Walker.uasset" 85
"../../../FPS/Content/MyContent/Blueprints/GameStuff/Waves/WaveObj.uasset" 86
"../../../FPS/Content/MyContent/AI/NewAIStuff/BTDecorator_CloseToActor.uasset" 87
"../../../FPS/Content/MyContent/Materials/translucentMaterial.uasset" 88
"../../../FPS/Content/StarterContent/Audio/Fire01_Cue.uasset" 89
"../../../FPS/Content/MyContent/Blueprints/Weapons/Projectiles/ExpandingSphere.uasset" 90
"../../../FPS/Content/MyContent/AI/NewAIStuff/BTT_ExpandingSphere.uasset" 91
"../../../FPS/Content/MyContent/AI/NewAIStuff/BTTask_Attack2.uasset" 92
"../../../FPS/Content/MyContent/AI/NewAIStuff/BTTask_Jump.uasset" 93
"../../../FPS/Content/MyContent/AI/NewAIStuff/BT_Basic_Enemy_Jumper.uasset" 94
"../../../FPS/Content/MyContent/AI/NewAIStuff/AI_Controller_Basic_Enemy_Jumper.uasset" 95
"../../../FPS/Content/MyContent/Materials/SimpleMat_Inst4.uasset" 96
"../../../FPS/Content/MyContent/Blueprints/Enemy/Enemy_Jumper.uasset" 97
"../../../FPS/Content/MyContent/Blueprints/GameStuff/EnemySpawnBP/EnemySpawnComponentV5.uasset" 98
"../../../FPS/Content/MyContent/Blueprints/GameStuff/MySaveGame.uasset" 99
"../../../FPS/Content/MyContent/Blueprints/GameStuff/Waves/AC_EnemyWaves.uasset" 100
"../../../FPS/Content/MyContent/Blueprints/GameStuff/MyGameModeSimple.uasset" 101
"../../../FPS/Content/MyContent/Widgets/PlayerUMG/MyHUDumgSimple.uasset" 102
"../../../FPS/Content/MyContent/Widgets/PlayerUMG/EndScreenGameOver.uasset" 103
"../../../FPS/Content/MyContent/Widgets/PlayerUMG/EndScreenStageComplete.uasset" 104
"../../../FPS/Content/MyContent/Blueprints/GameStuff/MyGameModeSimpleV5.uasset" 105
"../../../FPS/Content/MyContent/Blueprints/GameStuff/EnemySpawnBP/EnemyTracker.uasset" 106
"../../../FPS/Content/MyContent/Blueprints/Weapons/Melee/Meshes/Hammer/Hammer1.uasset" 107
"../../../FPS/Content/MyContent/Blueprints/Weapons/Melee/Meshes/Hammer/palette.uasset" 108
"../../../FPS/Content/MyContent/Blueprints/Weapons/Melee/Meshes/Hammer/Hammer.uasset" 109
"../../../FPS/Content/MyContent/Blueprints/Weapons/Melee/WeaponMeleeBase_Hammer.uasset" 110
"../../../FPS/Content/MyContent/Blueprints/Weapons/Melee/WeaponMeleeBase_Hammer_Enemy.uasset" 111
"../../../FPS/Content/MyContent/Materials/SimpleMat_Inst3.uasset" 112
"../../../FPS/Content/MyContent/Blueprints/Enemy/Enemy_Tank.uasset" 113
"../../../FPS/Content/MyContent/Blueprints/GameStuff/EnemySpawnBP/EnemyStruct.uasset" 114
"../../../FPS/Content/MyContent/Blueprints/GameStuff/EnemySpawnBP/EnemySpawnComponent.uasset" 115
"../../../FPS/Content/MyContent/Blueprints/GameStuff/EnemySpawnBP/EnemySpawnerSimple.uasset" 116
"../../../FPS/Content/MyContent/Blueprints/Weapons/Defense/Meshes/Shield/Shield1.uasset" 117
"../../../FPS/Content/MyContent/Blueprints/Weapons/Defense/Meshes/Shield/palette.uasset" 118
"../../../FPS/Content/MyContent/Blueprints/Weapons/Defense/Meshes/Shield/Shield.uasset" 119
"../../../FPS/Content/MyContent/Blueprints/Weapons/Defense/Shield.uasset" 120
"../../../FPS/Content/MyContent/Blueprints/Weapons/Melee/WeaponMeleeBase_Sword_Enemy.uasset" 121
"../../../FPS/Content/MyContent/Blueprints/Weapons/Weapon_Enemy.uasset" 122
"../../../Engine/Content/BasicShapes/Cube.uasset" 123
"../../../FPS/Content/MyContent/Sound/EnemyDeathExplosion.uasset" 124
"../../../FPS/Content/MyContent/Sound/EnemyDeathExplosion_Cue.uasset" 125
"../../../FPS/Content/MyContent/Blueprints/Enemy/Enemy.uasset" 126
"../../../FPS/Content/MyContent/Blueprints/GameStuff/EnemySpawnBP/EnemyStructV3.uasset" 127
"../../../FPS/Content/MyContent/Blueprints/GameStuff/EnemySpawnBP/WaveStructV3.uasset" 128
"../../../FPS/Content/MyContent/AI/NewAIStuff/BTT_ChangeCharacterWalkSpeed.uasset" 129
"../../../FPS/Content/MyContent/AI/NewAIStuff/BTT_SetShootTarget.uasset" 130
"../../../FPS/Content/MyContent/AI/NewAIStuff/BTTask_Shoot.uasset" 131
"../../../FPS/Content/MyContent/AI/NewAIStuff/BT_Basic_Enemy_ShootAndChase.uasset" 132
"../../../FPS/Content/MyContent/AI/NewAIStuff/AI_Controller_Basic_Enemy_Shoot.uasset" 133
"../../../FPS/Content/MyContent/Materials/SimpleMat_Inst1.uasset" 134
"../../../FPS/Content/MyContent/Blueprints/Enemy/Enemy_Shoot.uasset" 135
"../../../FPS/Content/MyContent/Blueprints/GameStuff/EnemySpawnBP/EnemySpawnComponentV3.uasset" 136
"../../../FPS/Content/MyContent/Blueprints/Weapons/Projectiles/Projectile_Rifle.uasset" 137
"../../../FPS/Content/MyContent/Blueprints/Weapons/Meshes/AssaultRifle/AssaultRifle1.uasset" 138
"../../../FPS/Content/MyContent/Blueprints/Weapons/Meshes/AssaultRifle/palette.uasset" 139
"../../../FPS/Content/MyContent/Blueprints/Weapons/Meshes/AssaultRifle/AssaultRifle.uasset" 140
"../../../FPS/Content/MyContent/Blueprints/Weapons/Sprites/AssaultRifle_2d.uasset" 141
"../../../FPS/Content/MyContent/Blueprints/Weapons/Weapon_AutoRifle.uasset" 142
"../../../FPS/Content/MyContent/Blueprints/Weapons/Projectiles/Projectile_BurstRifle.uasset" 143
"../../../FPS/Content/MyContent/Blueprints/Weapons/Weapon_Burst.uasset" 144
"../../../FPS/Content/MyContent/Blueprints/Weapons/Meshes/BurstRifle/BurstRifle1.uasset" 145
"../../../FPS/Content/MyContent/Blueprints/Weapons/Meshes/BurstRifle/palette.uasset" 146
"../../../FPS/Content/MyContent/Blueprints/Weapons/Meshes/BurstRifle/BurstRifle.uasset" 147
"../../../FPS/Content/MyContent/Blueprints/Weapons/Sprites/BurstRifle_2d.uasset" 148
"../../../FPS/Content/MyContent/Blueprints/Weapons/Weapon_Burst_Rifle.uasset" 149
"../../../FPS/Content/MyContent/Blueprints/Weapons/Projectiles/Projectile_Charge.uasset" 150
"../../../FPS/Content/MyContent/Blueprints/Weapons/Weapon_Charge.uasset" 151
"../../../FPS/Content/MyContent/Blueprints/Weapons/Projectiles/Explosion_Child_Grenade.uasset" 152
"../../../FPS/Content/MyContent/Blueprints/Weapons/Projectiles/Projectile_Grenade.uasset" 153
"../../../FPS/Content/MyContent/Blueprints/Weapons/Meshes/GrenadeLauncher/GrenadeLauncher1.uasset" 154
"../../../FPS/Content/MyContent/Blueprints/Weapons/Meshes/GrenadeLauncher/palette.uasset" 155
"../../../FPS/Content/MyContent/Blueprints/Weapons/Meshes/GrenadeLauncher/GrenadeLauncher.uasset" 156
"../../../FPS/Content/MyContent/Blueprints/Weapons/Sprites/GrenadeLauncher_2d.uasset" 157
"../../../FPS/Content/MyContent/Blueprints/Weapons/Weapon_GrenadeLauncher.uasset" 158
"../../../FPS/Content/MyContent/Blueprints/Weapons/Projectiles/Projectile_Pistol.uasset" 159
"../../../FPS/Content/MyContent/Blueprints/Weapons/Meshes/Pistol/Pistol1.uasset" 160
"../../../FPS/Content/MyContent/Blueprints/Weapons/Meshes/Pistol/palette.uasset" 161
"../../../FPS/Content/MyContent/Blueprints/Weapons/Meshes/Pistol/Pistol.uasset" 162
"../../../FPS/Content/MyContent/Blueprints/Weapons/Sprites/Pistol_2d.uasset" 163
"../../../FPS/Content/MyContent/Blueprints/Weapons/Weapon_Pistol.uasset" 164
"../../../FPS/Content/MyContent/Blueprints/Weapons/Projectiles/Projectile_Revolver.uasset" 165
"../../../FPS/Content/MyContent/Blueprints/Weapons/Meshes/Revolver/Revolver1.uasset" 166
"../../../FPS/Content/MyContent/Blueprints/Weapons/Meshes/Revolver/palette.uasset" 167
"../../../FPS/Content/MyContent/Blueprints/Weapons/Meshes/Revolver/Revolver.uasset" 168
"../../../FPS/Content/MyContent/Blueprints/Weapons/Sprites/Revolver_2d.uasset" 169
"../../../FPS/Content/MyContent/Blueprints/Weapons/Weapon_Revolver.uasset" 170
"../../../FPS/Content/MyContent/Blueprints/Weapons/Projectiles/Explosion_Child_Rocket.uasset" 171
"../../../FPS/Content/MyContent/Blueprints/Weapons/Projectiles/Projectile_Rocket.uasset" 172
"../../../FPS/Content/MyContent/Blueprints/Weapons/Meshes/RocketLauncher/RocketLauncher1.uasset" 173
"../../../FPS/Content/MyContent/Blueprints/Weapons/Meshes/RocketLauncher/palette.uasset" 174
"../../../FPS/Content/MyContent/Blueprints/Weapons/Meshes/RocketLauncher/RocketLauncher.uasset" 175
"../../../FPS/Content/MyContent/Blueprints/Weapons/Sprites/RocketLauncher_2d.uasset" 176
"../../../FPS/Content/MyContent/Blueprints/Weapons/Weapon_RocketLauncher.uasset" 177
"../../../FPS/Content/MyContent/Blueprints/Weapons/Projectiles/Projectile_Shotgun.uasset" 178
"../../../FPS/Content/MyContent/Blueprints/Weapons/Weapon_Shotgun.uasset" 179
"../../../FPS/Content/MyContent/Blueprints/Weapons/Meshes/Shotgun/Shotgun1.uasset" 180
"../../../FPS/Content/MyContent/Blueprints/Weapons/Meshes/Shotgun/palette.uasset" 181
"../../../FPS/Content/MyContent/Blueprints/Weapons/Meshes/Shotgun/Shotgun.uasset" 182
"../../../FPS/Content/MyContent/Blueprints/Weapons/Sprites/Shotgun_2d.uasset" 183
"../../../FPS/Content/MyContent/Blueprints/Weapons/Weapon_Shotgun_DoubleBarrel.uasset" 184
"../../../FPS/Content/MyContent/Blueprints/Weapons/Projectiles/Projectile_SMG.uasset" 185
"../../../FPS/Content/MyContent/Blueprints/Weapons/Meshes/Smg/Smg1.uasset" 186
"../../../FPS/Content/MyContent/Blueprints/Weapons/Meshes/Smg/palette.uasset" 187
"../../../FPS/Content/MyContent/Blueprints/Weapons/Meshes/Smg/Smg.uasset" 188
"../../../FPS/Content/MyContent/Blueprints/Weapons/Sprites/Smg_2d.uasset" 189
"../../../FPS/Content/MyContent/Blueprints/Weapons/Weapon_Smg.uasset" 190
"../../../FPS/Content/MyContent/Blueprints/Weapons/Projectiles/Projectile_Sniper.uasset" 191
"../../../FPS/Content/MyContent/Blueprints/Weapons/Meshes/Sniper/Sniper1.uasset" 192
"../../../FPS/Content/MyContent/Blueprints/Weapons/Meshes/Sniper/palette.uasset" 193
"../../../FPS/Content/MyContent/Blueprints/Weapons/Meshes/Sniper/Sniper.uasset" 194
"../../../FPS/Content/MyContent/Blueprints/Weapons/Sprites/Sniper_2d.uasset" 195
"../../../FPS/Content/MyContent/Blueprints/Weapons/Weapon_Sniper.uasset" 196
"../../../FPS/Content/MyContent/Blueprints/Weapons/Sprites/Empty.uasset" 197
"../../../FPS/Content/MyContent/Widgets/Menus/ShopMenu.uasset" 198
"../../../FPS/Content/MyContent/Blueprints/GameStuff/MyGameModeSimpleV3.uasset" 199
"../../../FPS/Content/MyContent/Blueprints/FX/DecalActorBP2.uasset" 200
"../../../FPS/Content/MyContent/Particles/LaserSparks.uasset" 201
"../../../FPS/Content/MyContent/Blueprints/Weapons/Projectiles/OverlapSimpleV2.uasset" 202
"../../../Engine/Content/Functions/Engine_MaterialFunctions02/Utility/BlendAngleCorrectedNormals.uasset" 203
"../../../Engine/Content/Functions/MaterialLayerFunctions/MatLayerBlend_NormalBlend.uasset" 204
"../../../Engine/Content/Functions/MaterialLayerFunctions/MatLayerBlend_Simple.uasset" 205
"../../../FPS/Content/FirstPerson/FPWeapon/Materials/MaterialLayers/T_ML_Rubber_Blue_01_D.uasset" 206
"../../../FPS/Content/FirstPerson/FPWeapon/Materials/MaterialLayers/T_ML_Rubber_Blue_01_N.uasset" 207
"../../../FPS/Content/FirstPerson/FPWeapon/Materials/MaterialLayers/ML_GlossyBlack_Latex_UE4.uasset" 208
"../../../FPS/Content/FirstPerson/FPWeapon/Materials/MaterialLayers/ML_Plastic_Shiny_Beige.uasset" 209
"../../../FPS/Content/FirstPerson/FPWeapon/Materials/MaterialLayers/ML_Screen.uasset" 210
"../../../FPS/Content/FirstPerson/FPWeapon/Materials/MaterialLayers/T_ML_Aluminum01.uasset" 211
"../../../FPS/Content/FirstPerson/FPWeapon/Materials/MaterialLayers/T_ML_Aluminum01_N.uasset" 212
"../../../FPS/Content/FirstPerson/FPWeapon/Materials/MaterialLayers/ML_SoftMetal_UE4.uasset" 213
"../../../FPS/Content/FirstPerson/FPWeapon/Textures/T_FPGun_M.uasset" 214
"../../../FPS/Content/FirstPerson/FPWeapon/Textures/T_FPGun_N.uasset" 215
"../../../FPS/Content/FirstPerson/FPWeapon/Materials/M_FPGun.uasset" 216
"../../../FPS/Content/FirstPerson/FPWeapon/Mesh/SK_FPGun_Skeleton.uasset" 217
"../../../FPS/Content/FirstPerson/FPWeapon/Mesh/SK_FPGun.uasset" 218
"../../../FPS/Content/MyContent/Blueprints/Weapons/Melee/WeaponMelee.uasset" 219
"../../../FPS/Content/Geometry/Meshes/CubeMaterial.uasset" 220
"../../../FPS/Content/Geometry/Meshes/1M_Cube.uasset" 221
"../../../FPS/Content/MyContent/Sound/PlayerDeathExplosion.uasset" 222
"../../../FPS/Content/MyContent/Widgets/PlayerUMG/PauseMenu.uasset" 223
"../../../FPS/Content/MyContent/Blueprints/Player/PlayerCharacter.uasset" 224
"../../../FPS/Content/MyContent/AI/NewAIStuff/Bb_Basic_Enemy.uasset" 225
"../../../FPS/Content/MyContent/AI/NewAIStuff/BTTask_Attack.uasset" 226
"../../../FPS/Content/MyContent/AI/NewAIStuff/BT_Basic_Enemy.uasset" 227
"../../../FPS/Content/MyContent/AI/NewAIStuff/AI_Controller_Basic_Enemy.uasset" 228
"../../../FPS/Content/MyContent/AI/NewAIStuff/BTT_Attack_Hammer.uasset" 229
"../../../FPS/Content/MyContent/AI/NewAIStuff/BT_Basic_Enemy_HAmmer.uasset" 230
"../../../FPS/Content/MyContent/AI/NewAIStuff/AI_Controller_Basic_Enemy_Tank.uasset" 231
"../../../FPS/Content/MyContent/AI/NewAIStuff/Bb_Basic_Enemy1.uasset" 232
"../../../FPS/Content/MyContent/AI/NewAIStuff/Bb_Basic_EnemyPatrol.uasset" 233
"../../../FPS/Content/MyContent/AI/NewAIStuff/BTD_LineOfSight.uasset" 234
"../../../FPS/Content/MyContent/AI/NewAIStuff/BTService_BlueprintBase_New.uasset" 235
"../../../FPS/Content/MyContent/AI/NewAIStuff/BTService_FindPlayer.uasset" 236
"../../../FPS/Content/MyContent/AI/NewAIStuff/BTService_LookAt.uasset" 237
"../../../FPS/Content/MyContent/AI/NewAIStuff/BTS_LineOfSight.uasset" 238
"../../../FPS/Content/MyContent/AI/NewAIStuff/BTS_Rotate.uasset" 239
"../../../FPS/Content/MyContent/AI/NewAIStuff/BTTask_ShootDelay1.uasset" 240
"../../../FPS/Content/MyContent/AI/NewAIStuff/BTT_AttackHammer.uasset" 241
"../../../FPS/Content/MyContent/AI/NewAIStuff/BTT_Hammer.uasset" 242
"../../../FPS/Content/MyContent/AI/NewAIStuff/BTT_SelectRandomPatrolPoint.uasset" 243
"../../../FPS/Content/MyContent/AI/NewAIStuff/BT_Basic_Enemy1.uasset" 244
"../../../FPS/Content/MyContent/AI/NewAIStuff/BT_Basic_Enemy_DoT.uasset" 245
"../../../FPS/Content/TimelineCurves/LRotationZ.uasset" 246
"../../../FPS/Content/TimelineCurves/RRotationZ.uasset" 247
"../../../FPS/Content/MyContent/Blueprints/Weapons/Melee/Meshes/ClawL/ClawL1.uasset" 248
"../../../FPS/Content/MyContent/Blueprints/Weapons/Melee/Meshes/ClawL/palette.uasset" 249
"../../../FPS/Content/MyContent/Blueprints/Weapons/Melee/Meshes/ClawL/ClawL.uasset" 250
"../../../FPS/Content/MyContent/Blueprints/Weapons/Melee/Meshes/ClawR/ClawR1.uasset" 251
"../../../FPS/Content/MyContent/Blueprints/Weapons/Melee/Meshes/ClawR/palette.uasset" 252
"../../../FPS/Content/MyContent/Blueprints/Weapons/Melee/Meshes/ClawR/ClawR.uasset" 253
"../../../FPS/Content/MyContent/Blueprints/Weapons/Melee/WeaponMeleeBase_Punch.uasset" 254
"../../../FPS/Content/MyContent/AI/NewAIStuff/BTTask_Attack_Fist.uasset" 255
"../../../FPS/Content/MyContent/AI/NewAIStuff/BT_Basic_Enemy_Punch.uasset" 256
"../../../FPS/Content/MyContent/AI/NewAIStuff/BTTask_ShootWithPause.uasset" 257
"../../../FPS/Content/MyContent/AI/NewAIStuff/BT_Basic_Enemy_Shooter.uasset" 258
"../../../FPS/Content/MyContent/Blueprints/Drop/ItemDrop_Ammo_Grenade.uasset" 259
"../../../FPS/Content/MyContent/Blueprints/Drop/ItemDrop_Ammo_Revolver.uasset" 260
"../../../FPS/Content/MyContent/Blueprints/Drop/ItemDrop_Ammo_SMG.uasset" 261
"../../../FPS/Content/MyContent/Blueprints/Drop/Mesh/HealthDropLarge/ItemDropHealthCrystalLarge1.uasset" 262
"../../../FPS/Content/MyContent/Blueprints/Drop/Mesh/HealthDropLarge/palette.uasset" 263
"../../../FPS/Content/MyContent/Blueprints/Drop/Mesh/HealthDropLarge/ItemDropHealthCrystalLarge.uasset" 264
"../../../FPS/Content/MyContent/Blueprints/Drop/ItemDrop_Health_Large.uasset" 265
"../../../FPS/Content/MyContent/Blueprints/Drop/Mesh/HealthDropMedium/ItemDropHealthCrystalMedium1.uasset" 266
"../../../FPS/Content/MyContent/Blueprints/Drop/Mesh/HealthDropMedium/palette.uasset" 267
"../../../FPS/Content/MyContent/Blueprints/Drop/Mesh/HealthDropMedium/ItemDropHealthCrystalMedium.uasset" 268
"../../../FPS/Content/MyContent/Blueprints/Drop/ItemDrop_Health_Medium.uasset" 269
"../../../FPS/Content/MyContent/Blueprints/Drop/Mesh/HealthDropSmall/ItemDropHealthCrystalSmall1.uasset" 270
"../../../FPS/Content/MyContent/Blueprints/Drop/Mesh/HealthDropSmall/palette.uasset" 271
"../../../FPS/Content/MyContent/Blueprints/Drop/Mesh/HealthDropSmall/ItemDropHealthCrystalSmall.uasset" 272
"../../../FPS/Content/MyContent/Blueprints/Drop/ItemDrop_Health_Small.uasset" 273
"../../../FPS/Content/MyContent/Blueprints/Drop/Old/AmmoCrystal.uasset" 274
"../../../FPS/Content/MyContent/Blueprints/Enemy/Enemy_Shoot_Patrol.uasset" 275
"../../../FPS/Content/MyContent/Blueprints/Weapons/Weapon_Pistol_Enemy.uasset" 276
"../../../FPS/Content/MyContent/Blueprints/Enemy/Enemy_Shoot_Pistol.uasset" 277
"../../../FPS/Content/MyContent/Blueprints/Enemy/ExplodeSelfComponent.uasset" 278
"../../../FPS/Content/MyContent/Blueprints/Enemy/SceneCompTest.uasset" 279
"../../../FPS/Content/MyContent/Materials/SimpleMat_Inst5.uasset" 280
"../../../Engine/Content/BasicShapes/Plane.uasset" 281
"../../../FPS/Content/MyContent/Blueprints/FX/CorruptionVisualEffect.uasset" 282
"../../../FPS/Content/MyContent/Materials/DecalMatte.uasset" 283
"../../../FPS/Content/MyContent/Blueprints/FX/DecalActorBP_Text.uasset" 284
"../../../FPS/Content/MyContent/Blueprints/GameStuff/AddScore.uasset" 285
"../../../FPS/Content/MyContent/Blueprints/GameStuff/MyGameModeSimpleAlt.uasset" 286
"../../../FPS/Content/MyContent/Blueprints/GameStuff/MyGameModeSimpleV3Alt.uasset" 287
"../../../FPS/Content/MyContent/Blueprints/GameStuff/MyGameModeSimpleV4.uasset" 288
"../../../FPS/Content/MyContent/Blueprints/GameStuff/EnemySpawnBP/EnemySpawner.uasset" 289
"../../../FPS/Content/MyContent/Blueprints/GameStuff/EnemySpawnBP/WaveStruct.uasset" 290
"../../../FPS/Content/MyContent/Blueprints/GameStuff/Waves/WaveObject.uasset" 291
"../../../FPS/Content/MyContent/AI/NewAIStuff/BTT_Charge.uasset" 292
"../../../FPS/Content/MyContent/AI/NewAIStuff/BTT_ChargeDelay.uasset" 293
"../../../FPS/Content/MyContent/AI/NewAIStuff/BT_Basic_Enemy_Charge.uasset" 294
"../../../FPS/Content/MyContent/AI/NewAIStuff/AI_Controller_Basic_Enemy_Charger.uasset" 295
"../../../FPS/Content/MyContent/Blueprints/Enemy/Enemy_Charger.uasset" 296
"../../../FPS/Content/MyContent/Blueprints/GameStuff/Waves/WaveObj_ChargerTest.uasset" 297
"../../../FPS/Content/MyContent/AI/NewAIStuff/BTT_FindPatrolPoints.uasset" 298
"../../../FPS/Content/MyContent/AI/NewAIStuff/BTT_MoveToRandomPatrolPoint.uasset" 299
"../../../FPS/Content/MyContent/AI/NewAIStuff/BTTask_ShootDelay.uasset" 300
"../../../FPS/Content/MyContent/AI/NewAIStuff/BT_Basic_Enemy_Evasive.uasset" 301
"../../../FPS/Content/MyContent/AI/NewAIStuff/AI_Controller_Basic_Enemy_Evasive.uasset" 302
"../../../FPS/Content/MyContent/Materials/SimpleMat_Inst8.uasset" 303
"../../../FPS/Content/MyContent/Blueprints/Enemy/Enemy_Evasive.uasset" 304
"../../../FPS/Content/MyContent/Blueprints/Weapons/Weapon_Sniper_Enemy.uasset" 305
"../../../FPS/Content/MyContent/Blueprints/Enemy/Enemy_Evasive_Sniper.uasset" 306
"../../../FPS/Content/MyContent/Blueprints/GameStuff/Waves/WaveObj_EvasiveSniperTest.uasset" 307
"../../../FPS/Content/MyContent/AI/NewAIStuff/BTT_Explode.uasset" 308
"../../../FPS/Content/MyContent/AI/NewAIStuff/BT_Basic_Enemy_Exploder.uasset" 309
"../../../FPS/Content/MyContent/AI/NewAIStuff/AI_Controller_Basic_Enemy_Explode.uasset" 310
"../../../FPS/Content/MyContent/Blueprints/Weapons/Projectiles/Explosion_Enemy.uasset" 311
"../../../FPS/Content/MyContent/Materials/SimpleMat_Inst7.uasset" 312
"../../../FPS/Content/MyContent/Blueprints/Enemy/Enemy_Exploder.uasset" 313
"../../../FPS/Content/MyContent/Blueprints/GameStuff/Waves/WaveObj_ExploderTest.uasset" 314
"../../../FPS/Content/MyContent/Blueprints/GameStuff/Waves/WaveObj_JumperTest.uasset" 315
"../../../FPS/Content/MyContent/Blueprints/GameStuff/Waves/WaveObj_LevelTest1.uasset" 316
"../../../FPS/Content/MyContent/AI/NewAIStuff/BT_Basic_Enemy_Patrol.uasset" 317
"../../../FPS/Content/MyContent/AI/NewAIStuff/AI_Controller_Basic_Enemy_Patrol.uasset" 318
"../../../FPS/Content/MyContent/Materials/SimpleMat_Inst6.uasset" 319
"../../../FPS/Content/MyContent/Blueprints/Enemy/Enemy_Patrol.uasset" 320
"../../../FPS/Content/MyContent/Materials/DecalTest_Inst2.uasset" 321
"../../../FPS/Content/StarterContent/Textures/T_Fire_SubUV.uasset" 322
"../../../FPS/Content/StarterContent/Textures/T_Fire_Tiled_D.uasset" 323
"../../../FPS/Content/StarterContent/Particles/Materials/M_Fire_SubUV.uasset" 324
"../../../FPS/Content/StarterContent/Textures/T_Water_N.uasset" 325
"../../../FPS/Content/StarterContent/Particles/Materials/M_Heat_Distortion.uasset" 326
"../../../FPS/Content/StarterContent/Particles/P_Fire.uasset" 327
"../../../FPS/Content/StarterContent/Materials/M_Basic_Wall.uasset" 328
"../../../FPS/Content/StarterContent/Shapes/Shape_Cylinder.uasset" 329
"../../../FPS/Content/MyContent/Blueprints/Weapons/Projectiles/DamageOverTime.uasset" 330
"../../../FPS/Content/MyContent/AI/NewAIStuff/BTT_SpawnDoTs.uasset" 331
"../../../FPS/Content/MyContent/AI/NewAIStuff/BT_Basic_Enemy_Patrol_DoT.uasset" 332
"../../../FPS/Content/MyContent/AI/NewAIStuff/AI_Controller_Basic_Enemy_Patrol_Dots.uasset" 333
"../../../FPS/Content/MyContent/Blueprints/Enemy/Enemy_Patrol_Dots.uasset" 334
"../../../FPS/Content/MyContent/Blueprints/GameStuff/Waves/WaveObj_PatrolDotTest.uasset" 335
"../../../FPS/Content/MyContent/Blueprints/Drop/Mesh/AmmoDropExplosive/ItemDropExplosive1.uasset" 336
"../../../FPS/Content/MyContent/Blueprints/Drop/Mesh/AmmoDropExplosive/palette.uasset" 337
"../../../FPS/Content/MyContent/Blueprints/Drop/Mesh/AmmoDropExplosive/ItemDropExplosive.uasset" 338
"../../../FPS/Content/MyContent/Blueprints/Drop/ItemDrop_Ammo_Rocket.uasset" 339
"../../../FPS/Content/MyContent/Blueprints/Weapons/Weapon_RocketLauncher_Enemy.uasset" 340
"../../../FPS/Content/MyContent/Blueprints/Enemy/Enemy_Patrol_Rocket.uasset" 341
"../../../FPS/Content/MyContent/Blueprints/GameStuff/Waves/WaveObj_PatrolRocketTest.uasset" 342
"../../../FPS/Content/MyContent/Blueprints/GameStuff/Waves/WaveObj_PatrolShootTest.uasset" 343
"../../../FPS/Content/MyContent/Blueprints/Drop/Mesh/AmmoDropLaser/ItemDropLaser1.uasset" 344
"../../../FPS/Content/MyContent/Blueprints/Drop/Mesh/AmmoDropLaser/palette.uasset" 345
"../../../FPS/Content/MyContent/Blueprints/Drop/Mesh/AmmoDropLaser/ItemDropLaser.uasset" 346
"../../../FPS/Content/MyContent/Blueprints/Drop/ItemDrop_Ammo_Sniper.uasset" 347
"../../../FPS/Content/MyContent/Blueprints/Enemy/Enemy_Patrol_Sniper.uasset" 348
"../../../FPS/Content/MyContent/Blueprints/GameStuff/Waves/WaveObj_PatrolSniperTest.uasset" 349
"../../../FPS/Content/MyContent/Blueprints/GameStuff/Waves/WaveObj_PatrolSniperTest1.uasset" 350
"../../../FPS/Content/MyContent/AI/NewAIStuff/BTT_ToggleShield.uasset" 351
"../../../FPS/Content/MyContent/AI/NewAIStuff/BT_Basic_Enemy_Shield.uasset" 352
"../../../FPS/Content/MyContent/AI/NewAIStuff/AI_Controller_Basic_Enemy_Shield.uasset" 353
"../../../FPS/Content/MyContent/Blueprints/Enemy/Enemy_Shield.uasset" 354
"../../../FPS/Content/MyContent/Blueprints/GameStuff/Waves/WaveObj_ShieldWalkerTest.uasset" 355
"../../../FPS/Content/MyContent/Blueprints/Drop/Mesh/AmmoDropRapid/ItemDropRapid1.uasset" 356
"../../../FPS/Content/MyContent/Blueprints/Drop/Mesh/AmmoDropRapid/palette.uasset" 357
"../../../FPS/Content/MyContent/Blueprints/Drop/Mesh/AmmoDropRapid/ItemDropRapid.uasset" 358
"../../../FPS/Content/MyContent/Blueprints/Drop/ItemDrop_Ammo_Rifle.uasset" 359
"../../../FPS/Content/MyContent/Blueprints/Weapons/Weapon_AutoRifle_Enemy.uasset" 360
"../../../FPS/Content/MyContent/Blueprints/Enemy/Enemy_Shoot_Rifle.uasset" 361
"../../../FPS/Content/MyContent/Blueprints/GameStuff/Waves/WaveObj_ShooterRifleTest.uasset" 362
"../../../FPS/Content/MyContent/Blueprints/Drop/Mesh/AmmoDropBlast/ItemDropBlast1.uasset" 363
"../../../FPS/Content/MyContent/Blueprints/Drop/Mesh/AmmoDropBlast/palette.uasset" 364
"../../../FPS/Content/MyContent/Blueprints/Drop/Mesh/AmmoDropBlast/ItemDropBlast.uasset" 365
"../../../FPS/Content/MyContent/Blueprints/Drop/ItemDrop_Ammo_Shotgun.uasset" 366
"../../../FPS/Content/MyContent/Blueprints/Weapons/Weapon_Shotgun_DoubleBarrel_Enemy.uasset" 367
"../../../FPS/Content/MyContent/Blueprints/Enemy/Enemy_Shoot_Shotgun.uasset" 368
"../../../FPS/Content/MyContent/Blueprints/GameStuff/Waves/WaveObj_ShooterShotgunTest.uasset" 369
"../../../FPS/Content/MyContent/Blueprints/GameStuff/Waves/WaveObj_SmallWalkerTest.uasset" 370
"../../../FPS/Content/MyContent/Blueprints/GameStuff/Waves/WaveObj_TankTest.uasset" 371
"../../../FPS/Content/MyContent/Blueprints/GameStuff/Waves/WaveObj_WalkerRunnerTest.uasset" 372
"../../../FPS/Content/MyContent/Blueprints/GameStuff/Waves/WaveObj_WalkerRunTest.uasset" 373
"../../../FPS/Content/MyContent/Blueprints/GameStuff/Waves/WaveObj_WalkerShieldTest.uasset" 374
"../../../FPS/Content/MyContent/Blueprints/GameStuff/Waves/WaveObj_WalkerSmallTest.uasset" 375
"../../../FPS/Content/MyContent/Blueprints/Enemy/Enemy_SmallWalker.uasset" 376
"../../../FPS/Content/MyContent/Blueprints/Enemy/Enemy_Walker_Split.uasset" 377
"../../../FPS/Content/MyContent/Blueprints/GameStuff/Waves/WaveObj_WalkerSplitTest.uasset" 378
"../../../FPS/Content/MyContent/Blueprints/GameStuff/Waves/WaveObj_WalkerTest.uasset" 379
"../../../FPS/Content/StarterContent/Shapes/Shape_Cube.uasset" 380
"../../../FPS/Content/StarterContent/Shapes/Shape_Wedge_B.uasset" 381
"../../../FPS/Content/MyContent/Blueprints/Other/ArenaTrigger.uasset" 382
"../../../FPS/Content/MyContent/Blueprints/Player/PlayerCharacterBackUp.uasset" 383
"../../../FPS/Content/MyContent/Blueprints/Player/PlayerCharacter_Backup_2-9-2018.uasset" 384
"../../../FPS/Content/MyContent/Blueprints/Player/Mesh/PlayerMech/PlayerMech2.uasset" 385
"../../../FPS/Content/MyContent/Blueprints/Player/Mesh/PlayerMech/palette.uasset" 386
"../../../FPS/Content/MyContent/Blueprints/Player/Mesh/PlayerMech/PlayerMech1.uasset" 387
"../../../FPS/Content/MyContent/Blueprints/Player/Mesh/PlayerMech2/PlayerMech2Final1.uasset" 388
"../../../FPS/Content/MyContent/Blueprints/Player/Mesh/PlayerMech2/palette.uasset" 389
"../../../FPS/Content/MyContent/Blueprints/Player/Mesh/PlayerMech2/PlayerMech2Final.uasset" 390
"../../../FPS/Content/MyContent/Blueprints/Player/Mesh/PlayerMech4/PlayerMech4Final1.uasset" 391
"../../../FPS/Content/MyContent/Blueprints/Player/Mesh/PlayerMech4/palette.uasset" 392
"../../../FPS/Content/MyContent/Blueprints/Player/Mesh/PlayerMech4/PlayerMech4Final.uasset" 393
"../../../FPS/Content/MyContent/Blueprints/Player/Mesh/PlayerMech5/PlayerMech5Final1.uasset" 394
"../../../FPS/Content/MyContent/Blueprints/Player/Mesh/PlayerMech5/palette.uasset" 395
"../../../FPS/Content/MyContent/Blueprints/Player/Mesh/PlayerMech5/PlayerMech5Final.uasset" 396
"../../../FPS/Content/MyContent/Blueprints/Weapons/Projectiles/OverlapSimple.uasset" 397
"../../../FPS/Content/MyContent/Blueprints/Weapons/Old/WeaponSimpleNew.uasset" 398
"../../../FPS/Content/MyContent/Blueprints/Player/old/PlayerCharacterNew.uasset" 399
"../../../FPS/Content/MyContent/Blueprints/Player/old/PlayerCharacterOld.uasset" 400
"../../../FPS/Content/MyContent/Blueprints/Player/old/PlayerCharacterOld2.uasset" 401
"../../../FPS/Content/MyContent/Blueprints/Player/old/PlayerCharacterOld3.uasset" 402
"../../../FPS/Content/MyContent/Blueprints/Text/FloatingText4.uasset" 403
"../../../FPS/Content/MyContent/Blueprints/Text/RandomFLoatingText.uasset" 404
"../../../FPS/Content/MyContent/Blueprints/Weapons/Weapon1.uasset" 405
"../../../FPS/Content/MyContent/Blueprints/Weapons/Sprites/Pistol.uasset" 406
"../../../FPS/Content/MyContent/Blueprints/Weapons/Weapon_Burst_Pistol.uasset" 407
"../../../FPS/Content/MyContent/Blueprints/Weapons/Weapon_DoubleBarrel1.uasset" 408
"../../../FPS/Content/MyContent/Blueprints/Weapons/Meshes/ShotgunPump/ShotgunPump1.uasset" 409
"../../../FPS/Content/MyContent/Blueprints/Weapons/Meshes/ShotgunPump/palette.uasset" 410
"../../../FPS/Content/MyContent/Blueprints/Weapons/Meshes/ShotgunPump/ShotgunPump.uasset" 411
"../../../FPS/Content/MyContent/Blueprints/Weapons/Sprites/ShotgunPump.uasset" 412
"../../../FPS/Content/MyContent/Blueprints/Weapons/Weapon_Shotgun_Pump.uasset" 413
"../../../FPS/Content/MyContent/Blueprints/Weapons/Weapon_PumpShotgun.uasset" 414
"../../../FPS/Content/MyContent/Blueprints/Weapons/Weapon_SemiAuto.uasset" 415
"../../../FPS/Content/MyContent/Blueprints/Weapons/Weapon_Spread.uasset" 416
"../../../FPS/Content/MyContent/Blueprints/Weapons/Weapon_Test.uasset" 417
"../../../FPS/Content/MyContent/Blueprints/Weapons/Defense/Shield/Shield1.uasset" 418
"../../../FPS/Content/MyContent/Blueprints/Weapons/Defense/Shield/palette.uasset" 419
"../../../FPS/Content/MyContent/Blueprints/Weapons/Defense/Shield/Shield.uasset" 420
"../../../FPS/Content/MyContent/Blueprints/Weapons/Melee/WeaponMeleeBase_Punch1.uasset" 421
"../../../FPS/Content/MyContent/Blueprints/Weapons/Melee/WeaponMeleeBase_Punch1_Enemy.uasset" 422
"../../../FPS/Content/MyContent/Blueprints/Weapons/Melee/WeaponMeleeNew.uasset" 423
"../../../FPS/Content/MyContent/Blueprints/Weapons/Melee/WeaponMeleeNew1.uasset" 424
"../../../FPS/Content/MyContent/Blueprints/Weapons/Melee/WeaponOverlapBase.uasset" 425
"../../../FPS/Content/MyContent/Blueprints/Weapons/Old/WeaponMeleeOld.uasset" 426
"../../../FPS/Content/MyContent/Blueprints/Weapons/Old/WeaponSimpleOld.uasset" 427
"../../../FPS/Content/MyContent/Blueprints/Weapons/Old/WeaponSimpleOldV2.uasset" 428
"../../../FPS/Content/MyContent/Blueprints/Weapons/Old/WeaponSimpleOldV3.uasset" 429
"../../../FPS/Content/MyContent/Blueprints/Weapons/Overlap/WeaponOverlapBase.uasset" 430
"../../../FPS/Content/MyContent/Blueprints/Weapons/Projectiles/DamageOverTime_Child.uasset" 431
"../../../FPS/Content/StarterContent/Shapes/Shape_Cone.uasset" 432
"../../../FPS/Content/MyContent/Blueprints/Weapons/Projectiles/Projectile_Child.uasset" 433
"../../../FPS/Content/MyContent/Blueprints/Weapons/Projectiles/Projectile_Enemy.uasset" 434
"../../../FPS/Content/MyContent/Blueprints/Weapons/Sprites/Assault_Rifle.uasset" 435
"../../../FPS/Content/MyContent/Blueprints/Weapons/Sprites/Burst_Rifle.uasset" 436
"../../../FPS/Content/MyContent/Blueprints/Weapons/Sprites/Grenade_Launcher.uasset" 437
"../../../FPS/Content/MyContent/Blueprints/Weapons/Sprites/Revolver.uasset" 438
"../../../FPS/Content/MyContent/Blueprints/Weapons/Sprites/Rocket_Launcher.uasset" 439
"../../../FPS/Content/MyContent/Blueprints/Weapons/Sprites/Shotgun.uasset" 440
"../../../FPS/Content/MyContent/Blueprints/Weapons/Sprites/ShotgunPump_2d.uasset" 441
"../../../FPS/Content/MyContent/Blueprints/Weapons/Sprites/Smg.uasset" 442
"../../../FPS/Content/MyContent/Blueprints/Weapons/Sprites/Sniper_Rifle.uasset" 443
"../../../FPS/Content/MyContent/Blueprints/Weapons/Sprites/Weapon.uasset" 444
"../../../FPS/Content/MyContent/Materials/DecalTest_Inst1.uasset" 445
"../../../FPS/Content/MyContent/Materials/EnemyMat.uasset" 446
"../../../FPS/Content/MyContent/Materials/M_FPGun.uasset" 447
"../../../FPS/Content/MyContent/Materials/M_FPGun_Inst.uasset" 448
"../../../FPS/Content/MyContent/Materials/M_FPGun_Inst2.uasset" 449
"../../../FPS/Content/MyContent/Materials/M_FPGun_Inst3.uasset" 450
"../../../FPS/Content/MyContent/Materials/M_FPGun_Inst4.uasset" 451
"../../../FPS/Content/MyContent/Materials/M_FPGun_Inst5.uasset" 452
"../../../FPS/Content/MyContent/Materials/M_FPGun_Inst6.uasset" 453
"../../../FPS/Content/MyContent/Materials/PlayerMat.uasset" 454
"../../../FPS/Content/MyContent/Materials/PlayerMat2.uasset" 455
"../../../FPS/Content/MyContent/Materials/PlayerMat3.uasset" 456
"../../../FPS/Content/MyContent/Materials/ProjectileMat_Inst.uasset" 457
"../../../FPS/Content/MyContent/Materials/ProjectileMat_Inst2.uasset" 458
"../../../FPS/Content/MyContent/Sound/Light03.uasset" 459
"../../../FPS/Content/MyContent/Sound/NewSoundConcurrency.uasset" 460
"../../../FPS/Content/MyContent/Sound/NewSoundCue.uasset" 461
"../../../FPS/Content/MyContent/Sound/NewSoundMix.uasset" 462
"../../../FPS/Content/MyContent/Widgets/Menus/ShopMenuBackUp.uasset" 463
"../../../FPS/Content/MyContent/Widgets/Menus/ShopMenuOld.uasset" 464
"../../../FPS/Content/MyContent/Widgets/PlayerUMG/MyHUDumgSimpleOld.uasset" 465
"../../../FPS/Content/MyContent/Widgets/PlayerUMG/PauseMenuOld.uasset" 466
"../../../FPS/Content/StarterContent/Architecture/Pillar_50x500.uasset" 467
"../../../FPS/Content/StarterContent/Architecture/Wall_400x300.uasset" 468
"../../../FPS/Content/StarterContent/Architecture/Wall_500x500.uasset" 469
"../../../FPS/Content/StarterContent/Audio/Light01_Cue.uasset" 470
"../../../FPS/Content/StarterContent/Audio/Light02_Cue.uasset" 471
"../../../FPS/Content/StarterContent/Particles/P_Explosion.uasset" 472
"../../../FPS/Content/StarterContent/Blueprints/Blueprint_Effect_Explosion.uasset" 473
"../../../Engine/Content/EditorMeshes/ColorCalibrator/T_ColorGrid.uasset" 474
"../../../FPS/Content/StarterContent/Materials/M_ColorGrid_LowSpec.uasset" 475
"../../../FPS/Content/StarterContent/Textures/T_Bush_D.uasset" 476
"../../../FPS/Content/StarterContent/Textures/T_Bush_N.uasset" 477
"../../../FPS/Content/StarterContent/Props/Materials/M_Bush.uasset" 478
"../../../FPS/Content/StarterContent/Props/SM_Bush.uasset" 479
"../../../FPS/Content/StarterContent/Textures/T_Chair_M.uasset" 480
"../../../FPS/Content/StarterContent/Textures/T_Chair_N.uasset" 481
"../../../FPS/Content/StarterContent/Props/Materials/M_Chair.uasset" 482
"../../../FPS/Content/StarterContent/Props/SM_Couch.uasset" 483
"../../../FPS/Content/StarterContent/Materials/M_Glass.uasset" 484
"../../../FPS/Content/StarterContent/Textures/T_Door_M.uasset" 485
"../../../FPS/Content/StarterContent/Textures/T_Door_N.uasset" 486
"../../../FPS/Content/StarterContent/Props/Materials/M_Door.uasset" 487
"../../../FPS/Content/StarterContent/Props/SM_Door.uasset" 488
"../../../FPS/Content/StarterContent/Props/Materials/M_MaterialSphere.uasset" 489
"../../../FPS/Content/StarterContent/Props/Materials/M_MaterialSphere_Plain.uasset" 490
"../../../FPS/Content/StarterContent/Props/SM_MatPreviewMesh_02.uasset" 491
"../../../FPS/Content/StarterContent/Textures/T_Detail_Rocky_N.uasset" 492
"../../../FPS/Content/StarterContent/Textures/T_Rock_Basalt_D.uasset" 493
"../../../FPS/Content/StarterContent/Textures/T_RockMesh_M.uasset" 494
"../../../FPS/Content/StarterContent/Textures/T_RockMesh_N.uasset" 495
"../../../FPS/Content/StarterContent/Props/Materials/M_Rock.uasset" 496
"../../../FPS/Content/StarterContent/Props/SM_Rock.uasset" 497
"../../../FPS/Content/StarterContent/Textures/T_Shelf_M.uasset" 498
"../../../FPS/Content/StarterContent/Textures/T_Shelf_N.uasset" 499
"../../../FPS/Content/StarterContent/Props/Materials/M_Shelf.uasset" 500
"../../../FPS/Content/StarterContent/Props/SM_Shelf.uasset" 501
"../../../FPS/Content/StarterContent/Materials/M_Basic_Floor.uasset" 502
"../../../FPS/Content/StarterContent/Props/SM_Stairs.uasset" 503
"../../../FPS/Content/StarterContent/Shapes/Shape_NarrowCapsule.uasset" 504
"../../../FPS/Content/StarterContent/Shapes/Shape_Pipe.uasset" 505
"../../../FPS/Content/StarterContent/Shapes/Shape_Pipe_180.uasset" 506
"../../../FPS/Content/StarterContent/Shapes/Shape_Pipe_90.uasset" 507
"../../../FPS/Content/StarterContent/Shapes/Shape_Plane.uasset" 508
"../../../FPS/Content/StarterContent/Shapes/Shape_Torus.uasset" 509
"../../../FPS/Content/StarterContent/Shapes/Shape_Trim.uasset" 510
"../../../FPS/Content/StarterContent/Shapes/Shape_Trim_90_In.uasset" 511
"../../../FPS/Content/StarterContent/Shapes/Shape_Trim_90_Out.uasset" 512
"../../../FPS/Content/StarterContent/Shapes/Shape_TriPyramid.uasset" 513
"../../../FPS/Content/StarterContent/Shapes/Shape_Tube.uasset" 514
"../../../FPS/Content/StarterContent/Shapes/Shape_Wedge_A.uasset" 515
"../../../FPS/Content/StarterContent/Shapes/Shape_WideCapsule.uasset" 516
"../../../FPS/Content/TimelineCurves/PivotRotY.uasset" 517
"../../../FPS/Content/TimelineCurves/SwordRotation.uasset" 518
"../../../Engine/Content/BasicShapes/Cone.uasset" 519
"../../../Engine/Content/BasicShapes/Cylinder.uasset" 520
"../../../Engine/Content/EditorLandscapeResources/DataLayer.uasset" 521
"../../../Engine/Content/EditorMaterials/GizmoMaterial.uasset" 522
"../../../Engine/Content/EditorMaterials/MAT_Groups_Toggle.uasset" 523
"../../../Engine/Content/EditorMaterials/MAT_Groups_Visibility.uasset" 524
"../../../Engine/Content/EditorMaterials/PreviewShadowIndicator.uasset" 525
"../../../Engine/Content/EditorMaterials/PreviewShadowIndicatorMaterial.uasset" 526
"../../../Engine/Content/EditorMaterials/MatineeGroups/MAT_ColorTrack.uasset" 527
"../../../Engine/Content/EditorMaterials/MatineeGroups/MAT_Groups_Anim.uasset" 528
"../../../Engine/Content/EditorMaterials/MatineeGroups/MAT_Groups_AudioMaster.uasset" 529
"../../../Engine/Content/EditorMaterials/MatineeGroups/MAT_Groups_Director.uasset" 530
"../../../Engine/Content/EditorMaterials/MatineeGroups/MAT_Groups_Event.uasset" 531
"../../../Engine/Content/EditorMaterials/MatineeGroups/MAT_Groups_Fade.uasset" 532
"../../../Engine/Content/EditorMaterials/MatineeGroups/MAT_Groups_Float.uasset" 533
"../../../Engine/Content/EditorMaterials/MatineeGroups/MAT_Groups_Move.uasset" 534
"../../../Engine/Content/EditorMaterials/MatineeGroups/MAT_Groups_Slomo.uasset" 535
"../../../Engine/Content/EditorMaterials/MatineeGroups/MAT_Groups_Sound.uasset" 536
"../../../Engine/Content/EditorMaterials/MatineeGroups/MAT_Groups_Vector.uasset" 537
"../../../Engine/Content/EditorMaterials/ParticleSystems/PSysThumbnail_NoImage.uasset" 538
"../../../Engine/Content/EditorMaterials/ParticleSystems/PSysThumbnail_OOD.uasset" 539
"../../../Engine/Content/EditorMaterials/Camera/CineMat.uasset" 540
"../../../Engine/Content/EditorMaterials/Camera/MI_CineMat_Rig.uasset" 541
"../../../Engine/Content/EditorMeshes/Camera/SM_CraneRig_Arm.uasset" 542
"../../../Engine/Content/EditorMeshes/Camera/SM_CraneRig_Base.uasset" 543
"../../../Engine/Content/EditorMeshes/Camera/SM_CraneRig_Body.uasset" 544
"../../../Engine/Content/EditorMeshes/Camera/SM_CraneRig_Mount.uasset" 545
"../../../Engine/Content/EditorMeshes/Camera/SM_RailRig_Mount.uasset" 546
"../../../Engine/Content/EditorMeshes/Camera/SM_RailRig_Track.uasset" 547
"../../../Engine/Content/EditorResources/BSPVertex.uasset" 548
"../../../Engine/Content/EditorResources/EmptyActor.uasset" 549
"../../../Engine/Content/EditorResources/S_Actor.uasset" 550
"../../../Engine/Content/EditorResources/S_Trigger.uasset" 551
"../../../Engine/Content/EditorResources/AudioIcons/S_AudioComponent.uasset" 552
"../../../Engine/Content/EditorResources/AudioIcons/S_AudioComponent_AutoActivate.uasset" 553
"../../../Engine/Content/EditorResources/LightIcons/S_LightError.uasset" 554
"../../../Engine/Content/EditorResources/SequenceRecorder/Countdown.uasset" 555
"../../../Engine/Content/EditorResources/SequenceRecorder/RecordingIndicator.uasset" 556
"../../../Engine/Content/EditorSounds/Notifications/CompileFailed.uasset" 557
"../../../Engine/Content/EditorSounds/Notifications/CompileFailed_Cue.uasset" 558
"../../../Engine/Content/EditorSounds/Notifications/CompileSuccess.uasset" 559
"../../../Engine/Content/EditorSounds/Notifications/CompileStart_Cue.uasset" 560
"../../../Engine/Content/EditorSounds/Notifications/CompileSuccess_Cue.uasset" 561
"../../../Engine/Content/EngineDamageTypes/DmgTypeBP_Environmental.uasset" 562
"../../../Engine/Content/EngineDebugMaterials/HeatmapGradient.uasset" 563
"../../../Engine/Content/EngineDebugMaterials/BoneWeightMaterial.uasset" 564
"../../../Engine/Content/EngineDebugMaterials/ClothMaterial.uasset" 565
"../../../Engine/Content/EngineDebugMaterials/ClothMaterial_WF.uasset" 566
"../../../Engine/Content/EngineDebugMaterials/DebugEditorMaterial.uasset" 567
"../../../Engine/Content/EngineDebugMaterials/DebugMeshMaterial.uasset" 568
"../../../Engine/Content/EngineDebugMaterials/GeomMaterial.uasset" 569
"../../../Engine/Content/EngineFonts/Faces/RobotoBold.uasset" 570
"../../../Engine/Content/EngineFonts/Faces/RobotoBoldItalic.uasset" 571
"../../../Engine/Content/EngineFonts/Faces/RobotoItalic.uasset" 572
"../../../Engine/Content/EngineFonts/Faces/RobotoLight.uasset" 573
"../../../Engine/Content/EngineFonts/Faces/RobotoRegular.uasset" 574
"../../../Engine/Content/EngineFonts/Roboto.uasset" 575
"../../../Engine/Content/EngineFonts/Faces/RobotoTiny.uasset" 576
"../../../Engine/Content/EngineFonts/RobotoTiny.uasset" 577
"../../../Engine/Content/EngineMaterials/DefaultBloomKernel.uasset" 578
"../../../Engine/Content/EngineMaterials/DefaultBokeh.uasset" 579
"../../../Engine/Content/EngineMaterials/DefaultDiffuse.uasset" 580
"../../../Engine/Content/EngineMaterials/DefaultDeferredDecalMaterial.uasset" 581
"../../../Engine/Content/EngineMaterials/DefaultLightFunctionMaterial.uasset" 582
"../../../Engine/Content/EngineMaterials/DefaultPhysicalMaterial.uasset" 583
"../../../Engine/Content/Functions/Engine_MaterialFunctions02/Utility/BreakOutFloat2Components.uasset" 584
"../../../Engine/Content/EngineMaterials/DefaultPostProcessMaterial.uasset" 585
"../../../Engine/Content/EngineMaterials/DefaultTextMaterialOpaque.uasset" 586
"../../../Engine/Content/EngineMaterials/DefaultWhiteGrid.uasset" 587
"../../../Engine/Content/EngineMaterials/EditorBrushMaterial.uasset" 588
"../../../Engine/Content/EngineMaterials/Good64x64TilingNoiseHighFreq.uasset" 589
"../../../Engine/Content/EngineMaterials/MiniFont.uasset" 590
"../../../Engine/Content/EngineMaterials/InvalidLightmapSettings.uasset" 591
"../../../Engine/Content/EngineMaterials/M_InvalidLightmapSettings.uasset" 592
"../../../Engine/Content/Functions/Engine_MaterialFunctions02/WorldPositionOffset/CameraOffset.uasset" 593
"../../../Engine/Content/EngineMaterials/PhAT_JointLimitMaterial.uasset" 594
"../../../Engine/Content/EngineMaterials/PreintegratedSkinBRDF.uasset" 595
"../../../Engine/Content/EngineMaterials/RemoveSurfaceMaterial.uasset" 596
"../../../Engine/Content/EngineMaterials/WeightMapPlaceholderTexture.uasset" 597
"../../../Engine/Content/EngineResources/WhiteSquareTexture.uasset" 598
"../../../Engine/Content/EngineMaterials/Widget3DPassThrough.uasset" 599
"../../../Engine/Content/EngineMaterials/Widget3DPassThrough_Masked.uasset" 600
"../../../Engine/Content/EngineMaterials/Widget3DPassThrough_Opaque.uasset" 601
"../../../Engine/Content/EngineMaterials/Widget3DPassThrough_Masked_OneSided.uasset" 602
"../../../Engine/Content/EngineMaterials/Widget3DPassThrough_Opaque_OneSided.uasset" 603
"../../../Engine/Content/EngineMaterials/Widget3DPassThrough_Translucent.uasset" 604
"../../../Engine/Content/EngineMaterials/Widget3DPassThrough_Translucent_OneSided.uasset" 605
"../../../Engine/Content/EngineMeshes/Cube.uasset" 606
"../../../Engine/Content/EngineMeshes/Cylinder.uasset" 607
"../../../Engine/Content/EngineMeshes/Sphere.uasset" 608
"../../../Engine/Content/EngineResources/Black.uasset" 609
"../../../Engine/Content/EngineResources/DefaultTexture.uasset" 610
"../../../Engine/Content/EngineResources/DefaultTextureCube.uasset" 611
"../../../Engine/Content/EngineResources/GradientTexture0.uasset" 612
"../../../Engine/Content/EngineSounds/Master.uasset" 613
"../../../Engine/Content/Functions/Engine_MaterialFunctions01/Shading/ConvertFromDiffSpec.uasset" 614
"../../../Engine/Content/Functions/Engine_MaterialFunctions01/Shading/PowerToRoughness.uasset" 615
"../../../Engine/Content/Maps/Templates/Thumbnails/Default.uasset" 616
"../../../Engine/Content/Maps/Templates/Thumbnails/VR-Basic.uasset" 617
"../../../Engine/Content/MobileResources/T_MobileControls_texture.uasset" 618
"../../../Engine/Content/MobileResources/T_MobileMenu2.uasset" 619
"../../../Engine/Content/MobileResources/HUD/AnalogHat.uasset" 620
"../../../Engine/Content/MobileResources/HUD/VirtualJoystick_Background.uasset" 621
"../../../Engine/Content/MobileResources/HUD/VirtualJoystick_Thumb.uasset" 622
"../../../Engine/Content/MobileResources/HUD/DefaultVirtualJoysticks.uasset" 623
"../../../Engine/Content/MobileResources/HUD/LeftVirtualJoystickOnly.uasset" 624
"../../../Engine/Content/MobileResources/HUD/MobileHUDButton1_off.uasset" 625
"../../../Engine/Content/MobileResources/HUD/MobileHUDButton1_on.uasset" 626
"../../../Engine/Content/MobileResources/HUD/MobileHUDButton2_off.uasset" 627
"../../../Engine/Content/MobileResources/HUD/MobileHUDButton2_on.uasset" 628
"../../../Engine/Content/MobileResources/HUD/MobileHUDButton3.uasset" 629
"../../../Engine/Content/MobileResources/HUD/MobileHUDButtonFire.uasset" 630
"../../../Engine/Content/MobileResources/HUD/MobileHUDDirectionPad.uasset" 631
"../../../Engine/Content/MobileResources/HUD/MobileHUDDirectionPad2.uasset" 632
"../../../Engine/Content/MobileResources/HUD/MobileHUDDirectionPad3.uasset" 633
"../../../Engine/Content/MobileResources/HUD/MobileHUDDirectionStick.uasset" 634
"../../../Engine/Content/MobileResources/HUD/T_Castle_ThumbstickInner.uasset" 635
"../../../Engine/Content/MobileResources/HUD/T_Castle_ThumbstickOutter.uasset" 636
"../../../Engine/Content/Tutorial/ContentIntroCurve.uasset" 637
"../../../Engine/Content/Tutorial/Basics/TutorialAssets/icon_tab_Levels_40x.uasset" 638
"../../../Engine/Content/Tutorial/BlueprintTutorials/TutorialAssets/BlueprintInterface_64x.uasset" 639
"../../../Engine/Content/Tutorial/BlueprintTutorials/TutorialAssets/BlueprintMacroLibrary_64x.uasset" 640
"../../../Engine/Content/Tutorial/BlueprintTutorials/TutorialAssets/Blueprint_64x.uasset" 641
"../../../Engine/Content/Tutorial/BlueprintTutorials/TutorialAssets/Tutorial_BP_Interface.uasset" 642
"../../../Engine/Content/Tutorial/Foliage/TutorialAssets/Foliage.uasset" 643
"../../../Engine/Content/Tutorial/Landscape/TutorialAssets/Landscape.uasset" 644
"../../../Engine/Content/Tutorial/Paper2D/TutorialAssets/Paper2DFlipbook_TutorialIcon.uasset" 645
"../../../Engine/Content/Tutorial/Paper2D/TutorialAssets/Paper2DSprite_TutorialIcon.uasset" 646
"../../../Engine/Content/Tutorial/SubEditors/TutorialAssets/icon_Editor_Preferences_General_40x.uasset" 647
"../../../Engine/Content/Tutorial/SubEditors/TutorialAssets/icon_ShowSkeletalMeshes_40x.uasset" 648
"../../../Engine/Content/Tutorial/SubEditors/TutorialAssets/TutorialMaterial.uasset" 649
"../../../Engine/Content/Tutorial/SubEditors/TutorialAssets/T_SmokeSubUV_8X8.uasset" 650
"../../../Engine/Content/Tutorial/SubEditors/TutorialAssets/T_soft_smoke.uasset" 651
"../../../Engine/Content/Tutorial/SubEditors/TutorialAssets/M_smoke_subUV_blackbody.uasset" 652
"../../../Engine/Content/Tutorial/SubEditors/TutorialAssets/TutorialParticleSystem.uasset" 653
"../../../Engine/Content/VREditor/Devices/Generic/GenericHMDMaterial.uasset" 654
"../../../Engine/Content/VREditor/Devices/Generic/GenericHMD.uasset" 655
"../../../Engine/Content/VREditor/FloatingText/LineMaterial.uasset" 656
"../../../Engine/Content/VREditor/FloatingText/JointSphere.uasset" 657
"../../../Engine/Content/VREditor/FloatingText/LineSegmentCylinder.uasset" 658
"../../../Engine/Content/VREditor/Fonts/VRText_RobotoLarge.uasset" 659
"../../../Engine/Content/VREditor/Fonts/VRTextMaterial.uasset" 660
"../../../Engine/Content/VREditor/Fonts/TranslucentVRTextMaterial.uasset" 661
"../../../Engine/Content/VREditor/LaserPointer/CursorPointer.uasset" 662
"../../../Engine/Content/VREditor/LaserPointer/VR_LaserPower_01.uasset" 663
"../../../Engine/Content/VREditor/TransformGizmo/TransformGizmoMaterial.uasset" 664
"../../../Engine/Content/VREditor/LaserPointer/HoverMaterial.uasset" 665
"../../../Engine/Content/VREditor/TransformGizmo/TranslucentTransformGizmoMaterial.uasset" 666
"../../../Engine/Content/VREditor/LaserPointer/TranslucentHoverMaterial.uasset" 667
"../../../Engine/Content/VREditor/LaserPointer/HoverMesh.uasset" 668
"../../../Engine/Content/VREditor/LaserPointer/LaserPointerMaterial.uasset" 669
"../../../Engine/Content/VREditor/LaserPointer/LaserPointerMaterialInst.uasset" 670
"../../../Engine/Content/VREditor/LaserPointer/TranslucentLaserPointerMaterialInst.uasset" 671
"../../../Engine/Content/VREditor/LaserPointer/LaserPointerMesh.uasset" 672
"../../../Engine/Content/VREditor/LaserPointer/LaserPointerMesh_End.uasset" 673
"../../../Engine/Content/VREditor/LaserPointer/LaserPointerMesh_Start.uasset" 674
"../../../Engine/Content/Functions/Engine_MaterialFunctions02/Utility/BreakOutFloat3Components.uasset" 675
"../../../Engine/Content/Functions/Engine_MaterialFunctions02/Math/Transform3x3Matrix.uasset" 676
"../../../Engine/Content/Functions/Engine_MaterialFunctions02/SplitComponents.uasset" 677
"../../../Engine/Content/Functions/Engine_MaterialFunctions02/Utility/MakeFloat3.uasset" 678
"../../../Engine/Content/VREditor/SnapGrid/SnapGridMaterial.uasset" 679
"../../../Engine/Content/VREditor/SnapGrid/SnapGridPlaneMesh.uasset" 680
"../../../Engine/Content/VREditor/Sounds/VR_teleport.uasset" 681
"../../../Engine/Content/VREditor/Sounds/UI/Click_on_Button_Cue.uasset" 682
"../../../Engine/Content/VREditor/Sounds/UI/Dockable_Window_Close.uasset" 683
"../../../Engine/Content/VREditor/Sounds/UI/Dockable_Window_Drop.uasset" 684
"../../../Engine/Content/VREditor/Sounds/UI/Dockable_Window_Open.uasset" 685
"../../../Engine/Content/VREditor/Sounds/UI/Dockable_Window_Pick_Up.uasset" 686
"../../../Engine/Content/VREditor/Sounds/UI/Drop_Item_From_ContentBrowser.uasset" 687
"../../../Engine/Content/VREditor/Sounds/UI/Floating_UI_Open-001.uasset" 688
"../../../Engine/Content/VREditor/Sounds/UI/Gizmo_Handle_Clicked.uasset" 689
"../../../Engine/Content/VREditor/Sounds/UI/Object_PickUp.uasset" 690
"../../../Engine/Content/VREditor/Sounds/UI/Object_Snaps_To_Another_Actor.uasset" 691
"../../../Engine/Content/VREditor/Sounds/UI/Object_Snaps_To_Grid.uasset" 692
"../../../Engine/Content/VREditor/Sounds/UI/Radial_Menu_FadeOut.uasset" 693
"../../../Engine/Content/VREditor/Sounds/UI/Scaling_Down.uasset" 694
"../../../Engine/Content/VREditor/Sounds/UI/Scaling_Up.uasset" 695
"../../../Engine/Content/VREditor/Sounds/UI/Selection_Changes.uasset" 696
"../../../Engine/Content/VREditor/Sounds/UI/Teleport_Mode_Entered.uasset" 697
"../../../Engine/Content/VREditor/Teleport/TeleportDirectionMaterial.uasset" 698
"../../../Engine/Content/VREditor/Teleport/TeleportDirectionMaterial_Inst.uasset" 699
"../../../Engine/Content/VREditor/Teleport/TeleportDirectionMesh.uasset" 700
"../../../Engine/Content/VREditor/TransformGizmo/BoundingBoxCorner.uasset" 701
"../../../Engine/Content/VREditor/TransformGizmo/BoundingBoxEdge.uasset" 702
"../../../Engine/Content/VREditor/TransformGizmo/PlaneTranslationHandle.uasset" 703
"../../../Engine/Content/VREditor/TransformGizmo/RotationHandleFull.uasset" 704
"../../../Engine/Content/VREditor/TransformGizmo/RotationHandleIndicator.uasset" 705
"../../../Engine/Content/VREditor/TransformGizmo/RotationHandleQuarter.uasset" 706
"../../../Engine/Content/VREditor/TransformGizmo/Main.uasset" 707
"../../../Engine/Content/VREditor/TransformGizmo/Xray.uasset" 708
"../../../Engine/Content/VREditor/TransformGizmo/SM_Dialog_Close.uasset" 709
"../../../Engine/Content/VREditor/TransformGizmo/SM_Dialog_Move.uasset" 710
"../../../Engine/Content/VREditor/TransformGizmo/SM_Sequencer_Key.uasset" 711
"../../../Engine/Content/VREditor/TransformGizmo/SM_Sequencer_Node.uasset" 712
"../../../Engine/Content/VREditor/TransformGizmo/StartRotationHandleIndicator.uasset" 713
"../../../Engine/Content/VREditor/TransformGizmo/TranslucentTransformGizmoMaterial_Inst.uasset" 714
"../../../Engine/Content/VREditor/TransformGizmo/TransformGizmoFreeRotation.uasset" 715
"../../../Engine/Content/VREditor/TransformGizmo/TransformGizmoMaterial_Inst.uasset" 716
"../../../Engine/Content/VREditor/TransformGizmo/TranslateArrowHandle.uasset" 717
"../../../Engine/Content/VREditor/TransformGizmo/UniformScaleHandle.uasset" 718
"../../../Engine/Content/VREditor/UI/KeyDiskMaterial.uasset" 719
"../../../Engine/Content/VREditor/UI/DiscMaterial.uasset" 720
"../../../Engine/Content/VREditor/UI/SM_Radial_Disk.uasset" 721
"../../../Engine/Content/VREditor/WorldMovementGrid/SimpleGrid.uasset" 722
"../../../Engine/Content/VREditor/WorldMovementGrid/GridMaterial.uasset" 723
"../../../Engine/Content/Functions/Engine_MaterialFunctions01/Density/ExponentialDensity.uasset" 724
"../../../Engine/Content/VREditor/WorldMovementGrid/GridPostProcess.uasset" 725
"../../../Engine/Content/EditorLandscapeResources/FlattenHeightMat.uasset" 726
"../../../Engine/Content/VREditor/WorldMovementGrid/PlaneMesh.uasset" 727
"../../../Engine/Plugins/2D/Paper2D/Content/PlaceholderTextures/DummySpriteTexture.uasset" 728
"../../../Engine/Plugins/2D/Paper2D/Content/DummySprite.uasset" 729
"../../../Engine/Plugins/2D/Paper2D/Content/DefaultPaperTerrainMaterial.uasset" 730
"../../../Engine/Plugins/2D/Paper2D/Content/DefaultSpriteMaterial.uasset" 731
"../../../Engine/Plugins/2D/Paper2D/Content/MaskedUnlitSpriteMaterial.uasset" 732
"../../../Engine/Plugins/2D/Paper2D/Content/OpaqueUnlitSpriteMaterial.uasset" 733
"../../../Engine/Plugins/Media/MediaCompositing/Content/DefaultMediaPlaneMaterial.uasset" 734
"../../../Engine/Content/Functions/Engine_MaterialFunctions02/Utility/MakeFloat4.uasset" 735
"../../../Engine/Plugins/Runtime/AppleARKit/Content/ARKitCameraMaterial.uasset" 736
"../../../Engine/Plugins/Runtime/Oculus/OculusVR/Content/Textures/GearVRController_AO.uasset" 737
"../../../Engine/Plugins/Runtime/Oculus/OculusVR/Content/Textures/GearVRController_Color.uasset" 738
"../../../Engine/Plugins/Runtime/Oculus/OculusVR/Content/Textures/GearVRController_Normal.uasset" 739
"../../../Engine/Plugins/Runtime/Oculus/OculusVR/Content/Materials/GearVRControllerMaterial.uasset" 740
"../../../Engine/Plugins/Runtime/Oculus/OculusVR/Content/Meshes/GearVrController.uasset" 741
"../../../Engine/Content/EngineSky/C_Sky_Cloud_Color.uasset" 742
"../../../Engine/Content/EngineSky/C_Sky_Horizon_Color.uasset" 743
"../../../Engine/Content/EngineSky/C_Sky_Zenith_Color.uasset" 744
"../../../Engine/Content/EngineSky/T_Sky_Blue.uasset" 745
"../../../Engine/Content/EngineSky/T_Sky_Clouds_M.uasset" 746
"../../../Engine/Content/EngineSky/T_Sky_Stars.uasset" 747
"../../../Engine/Content/EngineSky/M_Sky_Panning_Clouds2.uasset" 748
"../../../Engine/Content/EngineSky/SM_SkySphere.uasset" 749
"../../../Engine/Content/EngineSky/BP_Sky_Sphere.uasset" 750
"../../../FPS/Content/MyContent/Levels/LevelTest.umap" 751
"../../../FPS/Content/MyContent/Levels/LevelTest1_BuiltData.uasset" 752
"../../../FPS/Content/MyContent/Levels/LevelTest1.umap" 753
"../../../FPS/Content/MyContent/Levels/LevelTest2_BuiltData.uasset" 754
"../../../FPS/Content/MyContent/Levels/LevelTest2.umap" 755
"../../../FPS/Content/MyContent/Levels/LevelTest3_BuiltData.uasset" 756
"../../../FPS/Content/MyContent/Levels/LevelTest3.umap" 757
"../../../FPS/Content/MyContent/Levels/LevelTest4_BuiltData.uasset" 758
"../../../FPS/Content/MyContent/Levels/LevelTest4.umap" 759
"../../../FPS/Content/MyContent/Levels/LevelTest5_BuiltData.uasset" 760
"../../../FPS/Content/MyContent/Levels/LevelTest5.umap" 761
"../../../FPS/Content/MyContent/Levels/LevelTest6_BuiltData.uasset" 762
"../../../FPS/Content/MyContent/Levels/LevelTest6.umap" 763
"../../../FPS/Content/MyContent/Levels/LevelTest7_BuiltData.uasset" 764
"../../../FPS/Content/MyContent/Levels/LevelTest7.umap" 765
"../../../FPS/Content/MyContent/Levels/LevelTest8_BuiltData.uasset" 766
"../../../FPS/Content/MyContent/Levels/LevelTest8.umap" 767
"../../../FPS/Content/StarterContent/Textures/T_Wood_Oak_D.uasset" 768
"../../../FPS/Content/MyContent/Widgets/Menus/MainMenu.uasset" 769
"../../../FPS/Content/MyContent/Levels/Menu_Main.umap" 770
"../../../FPS/Content/StarterContent/Textures/T_Wood_Walnut_D.uasset" 771
"../../../FPS/Content/MyContent/Widgets/Menus/StageSelectMenu.uasset" 772
"../../../FPS/Content/MyContent/Levels/Menu_StageSelect.umap" 773
"../../../FPS/Content/MyContent/Levels/NewWorld_BuiltData.uasset" 774
"../../../FPS/Content/StarterContent/Architecture/Wall_400x400.uasset" 775
"../../../FPS/Content/StarterContent/Architecture/Wall_Door_400x400.uasset" 776
"../../../FPS/Content/StarterContent/Architecture/Wall_Window_400x400.uasset" 777
"../../../FPS/Content/MyContent/Levels/NewWorld.umap" 778
"../../../FPS/Content/MyContent/Levels/Old/Level1.umap" 779
"../../../FPS/Content/MyContent/Levels/Old/Level1_Fields.umap" 780
"../../../FPS/Content/MyContent/Levels/Old/Level1_Fields2.umap" 781
"../../../FPS/Content/MyContent/Levels/Old/Level2.umap" 782
"../../../FPS/Content/MyContent/Levels/Old/Level_Test.umap" 783
"../../../FPS/Content/StarterContent/Textures/T_Wood_Pine_D.uasset" 784
"../../../FPS/Content/MyContent/Widgets/Menus/CharacterSelectMenu.uasset" 785
"../../../FPS/Content/MyContent/Levels/Old/Menu_CharacterSelect.umap" 786
"../../../FPS/Content/MyContent/Levels/Old/Menu_EquipmentSelect.umap" 787
"../../../FPS/Content/MyContent/AI/AI_Basic/Bb_Basic.uasset" 788
"../../../FPS/Content/MyContent/AI/AI_Basic/BTDecorator_CloseEnough.uasset" 789
"../../../FPS/Content/MyContent/AI/AI_Basic/BTService_AgroCheck.uasset" 790
"../../../FPS/Content/MyContent/AI/AI_Basic/BTTask_RapidMoveTo.uasset" 791
"../../../FPS/Content/MyContent/AI/AI_Basic/BT_Basic.uasset" 792
"../../../FPS/Content/MyContent/AI/AI_Basic/AI_Controller_Basic.uasset" 793
"../../../FPS/Content/MyContent/AI/AI_Basic/AI_Character_Basic.uasset" 794
"../../../FPS/Content/MyContent/Levels/Old/Stage1_1.umap" 795
"../../../FPS/Content/StarterContent/Audio/Light01.uasset" 796
"../../../FPS/Content/MyContent/Blueprints/Other/WallTrigger2.uasset" 797
"../../../FPS/Content/MyContent/Blueprints/Text/FloatingText.uasset" 798
"../../../FPS/Content/MyContent/Blueprints/Text/FloatingText2.uasset" 799
"../../../FPS/Content/MyContent/Blueprints/Text/FloatingText3.uasset" 800
"../../../FPS/Content/MyContent/Levels/Old/Stage1_2.umap" 801
"../../../FPS/Content/MyContent/Levels/Old/Stage1_3.umap" 802
"../../../FPS/Content/MyContent/Levels/Old/Stage1_4.umap" 803
"../../../FPS/Content/StarterContent/Blueprints/Assets/FogBrightnessLUT.uasset" 804
"../../../FPS/Content/StarterContent/Blueprints/Assets/SunlightColorLUT.uasset" 805
"../../../FPS/Content/StarterContent/Blueprints/Assets/M_LightStage_Arrows.uasset" 806
"../../../Engine/Content/MapTemplates/Sky/DaylightAmbientCubemap.uasset" 807
"../../../FPS/Content/StarterContent/Blueprints/Assets/M_LightStage_Skybox_Master.uasset" 808
"../../../FPS/Content/StarterContent/Blueprints/Assets/M_LightStage_Skybox_Black.uasset" 809
"../../../FPS/Content/StarterContent/Blueprints/Assets/M_LightStage_Skybox_HDRI.uasset" 810
"../../../Engine/Content/EditorMaterials/Thumbnails/SkySphereMaterial.uasset" 811
"../../../FPS/Content/StarterContent/Blueprints/Assets/Skybox.uasset" 812
"../../../FPS/Content/StarterContent/Blueprints/Assets/SM_Arrows.uasset" 813
"../../../FPS/Content/StarterContent/HDRI/HDRI_Epic_Courtyard_Daylight.uasset" 814
"../../../FPS/Content/StarterContent/Blueprints/BP_LightStudio.uasset" 815
"../../../FPS/Content/StarterContent/Maps/Advanced_Lighting_BuiltData.uasset" 816
"../../../FPS/Content/StarterContent/Materials/M_AssetPlatform.uasset" 817
"../../../Engine/Content/EditorMeshes/ColorCalibrator/M_ChromeBall.uasset" 818
"../../../Engine/Content/EditorMeshes/ColorCalibrator/M_ClearCoat.uasset" 819
"../../../Engine/Content/EditorMeshes/ColorCalibrator/M_ClearCoatBlack.uasset" 820
"../../../Engine/Content/EditorMeshes/ColorCalibrator/Color_checker.uasset" 821
"../../../Engine/Content/EditorMeshes/ColorCalibrator/M_ColorGrid.uasset" 822
"../../../Engine/Content/EditorMeshes/ColorCalibrator/M_GreyBall.uasset" 823
"../../../Engine/Content/EditorMeshes/ColorCalibrator/SM_ColorCalibrator.uasset" 824
"../../../FPS/Content/StarterContent/Architecture/SM_AssetPlatform.uasset" 825
"../../../FPS/Content/StarterContent/Maps/Advanced_Lighting.umap" 826
"../../../FPS/Content/StarterContent/Maps/Minimal_Default_BuiltData.uasset" 827
"../../../FPS/Content/StarterContent/Textures/T_MacroVariation.uasset" 828
"../../../FPS/Content/StarterContent/Materials/M_Metal_Brushed_Nickel.uasset" 829
"../../../FPS/Content/StarterContent/Textures/T_Metal_Aluminum_D.uasset" 830
"../../../FPS/Content/StarterContent/Textures/T_Metal_Gold_N.uasset" 831
"../../../FPS/Content/StarterContent/Materials/M_Metal_Burnished_Steel.uasset" 832
"../../../FPS/Content/StarterContent/Textures/T_Metal_Copper_D.uasset" 833
"../../../FPS/Content/StarterContent/Materials/M_Metal_Copper.uasset" 834
"../../../FPS/Content/StarterContent/Textures/T_Statue_M.uasset" 835
"../../../FPS/Content/StarterContent/Textures/T_Statue_N.uasset" 836
"../../../FPS/Content/StarterContent/Props/Materials/M_StatueGlass.uasset" 837
"../../../FPS/Content/StarterContent/Architecture/Floor_400x400.uasset" 838
"../../../FPS/Content/StarterContent/Audio/Starter_Background_Cue.uasset" 839
"../../../FPS/Content/StarterContent/Props/SM_Chair.uasset" 840
"../../../FPS/Content/StarterContent/Props/Materials/M_Statue.uasset" 841
"../../../FPS/Content/StarterContent/Props/SM_Statue.uasset" 842
"../../../FPS/Content/StarterContent/Textures/T_TableRound_M.uasset" 843
"../../../FPS/Content/StarterContent/Textures/T_TableRound_N.uasset" 844
"../../../FPS/Content/StarterContent/Props/Materials/M_TableRound.uasset" 845
"../../../FPS/Content/StarterContent/Props/SM_TableRound.uasset" 846
"../../../FPS/Content/StarterContent/Maps/Minimal_Default.umap" 847
"../../../FPS/Content/StarterContent/Blueprints/Blueprint_Effect_Fire.uasset" 848
"../../../FPS/Content/StarterContent/Audio/Smoke01_Cue.uasset" 849
"../../../FPS/Content/StarterContent/Particles/P_Smoke.uasset" 850
"../../../FPS/Content/StarterContent/Blueprints/Blueprint_Effect_Smoke.uasset" 851
"../../../FPS/Content/StarterContent/Audio/Fire_Sparks01_Cue.uasset" 852
"../../../FPS/Content/StarterContent/Particles/P_Sparks.uasset" 853
"../../../FPS/Content/StarterContent/Blueprints/Blueprint_Effect_Sparks.uasset" 854
"../../../FPS/Content/StarterContent/Audio/Steam01_Cue.uasset" 855
"../../../FPS/Content/StarterContent/Particles/P_Steam_Lit.uasset" 856
"../../../FPS/Content/StarterContent/Blueprints/Blueprint_Effect_Steam.uasset" 857
"../../../FPS/Content/StarterContent/Textures/T_Lamp_M.uasset" 858
"../../../FPS/Content/StarterContent/Textures/T_Lamp_N.uasset" 859
"../../../FPS/Content/StarterContent/Props/Materials/M_Lamp.uasset" 860
"../../../FPS/Content/StarterContent/Props/SM_Lamp_Ceiling.uasset" 861
"../../../FPS/Content/StarterContent/Blueprints/Blueprint_CeilingLight.uasset" 862
"../../../FPS/Content/StarterContent/Props/SM_Lamp_Wall.uasset" 863
"../../../FPS/Content/StarterContent/Blueprints/Blueprint_WallSconce.uasset" 864
"../../../FPS/Content/StarterContent/Maps/StarterMap_BuiltData.uasset" 865
"../../../Engine/Content/Functions/Engine_MaterialFunctions03/Procedurals/ComputeFilterWidth.uasset" 866
"../../../Engine/Content/EngineMaterials/AntiAliasedTextMaterialTranslucent.uasset" 867
"../../../FPS/Content/StarterContent/Textures/T_Brick_Clay_Beveled_D.uasset" 868
"../../../FPS/Content/StarterContent/Textures/T_Brick_Clay_Beveled_M.uasset" 869
"../../../FPS/Content/StarterContent/Textures/T_Brick_Clay_Beveled_N.uasset" 870
"../../../FPS/Content/StarterContent/Materials/M_Brick_Clay_Beveled.uasset" 871
"../../../FPS/Content/StarterContent/Textures/T_Brick_Clay_New_D.uasset" 872
"../../../FPS/Content/StarterContent/Textures/T_Brick_Clay_New_M.uasset" 873
"../../../FPS/Content/StarterContent/Textures/T_Brick_Clay_New_N.uasset" 874
"../../../FPS/Content/StarterContent/Materials/M_Brick_Clay_New.uasset" 875
"../../../FPS/Content/StarterContent/Textures/T_Brick_Clay_Old_D.uasset" 876
"../../../FPS/Content/StarterContent/Textures/T_Brick_Clay_Old_N.uasset" 877
"../../../FPS/Content/StarterContent/Textures/T_Perlin_Noise_M.uasset" 878
"../../../FPS/Content/StarterContent/Materials/M_Brick_Clay_Old.uasset" 879
"../../../FPS/Content/StarterContent/Textures/T_Brick_Cut_Stone_D.uasset" 880
"../../../FPS/Content/StarterContent/Textures/T_Brick_Cut_Stone_N.uasset" 881
"../../../FPS/Content/StarterContent/Materials/M_Brick_Cut_Stone.uasset" 882
"../../../FPS/Content/StarterContent/Textures/T_Brick_Hewn_Stone_D.uasset" 883
"../../../FPS/Content/StarterContent/Textures/T_Brick_Hewn_Stone_M.uasset" 884
"../../../FPS/Content/StarterContent/Textures/T_Brick_Hewn_Stone_N.uasset" 885
"../../../FPS/Content/StarterContent/Materials/M_Brick_Hewn_Stone.uasset" 886
"../../../FPS/Content/StarterContent/Textures/T_Ceramic_Tile_M.uasset" 887
"../../../FPS/Content/StarterContent/Textures/T_Ceramic_Tile_N.uasset" 888
"../../../FPS/Content/StarterContent/Textures/T_Rock_Marble_Polished_D.uasset" 889
"../../../FPS/Content/StarterContent/Materials/M_Ceramic_Tile_Checker.uasset" 890
"../../../FPS/Content/StarterContent/Textures/T_CobbleStone_Pebble_D.uasset" 891
"../../../FPS/Content/StarterContent/Textures/T_CobbleStone_Pebble_M.uasset" 892
"../../../FPS/Content/StarterContent/Textures/T_CobbleStone_Pebble_N.uasset" 893
"../../../FPS/Content/StarterContent/Materials/M_CobbleStone_Pebble.uasset" 894
"../../../FPS/Content/StarterContent/Textures/T_CobbleStone_Rough_D.uasset" 895
"../../../FPS/Content/StarterContent/Textures/T_CobbleStone_Rough_N.uasset" 896
"../../../FPS/Content/StarterContent/Textures/T_Gradinet_01.uasset" 897
"../../../FPS/Content/StarterContent/Textures/T_Rock_Smooth_Granite_D.uasset" 898
"../../../FPS/Content/StarterContent/Materials/M_CobbleStone_Rough.uasset" 899
"../../../FPS/Content/StarterContent/Textures/T_CobbleStone_Smooth_D.uasset" 900
"../../../FPS/Content/StarterContent/Textures/T_CobbleStone_Smooth_M.uasset" 901
"../../../FPS/Content/StarterContent/Textures/T_CobbleStone_Smooth_N.uasset" 902
"../../../FPS/Content/StarterContent/Materials/M_CobbleStone_Smooth.uasset" 903
"../../../FPS/Content/StarterContent/Textures/T_Concrete_Grime_D.uasset" 904
"../../../FPS/Content/StarterContent/Textures/T_Metal_Rust_N.uasset" 905
"../../../FPS/Content/StarterContent/Materials/M_Concrete_Grime.uasset" 906
"../../../FPS/Content/StarterContent/Textures/T_Concrete_Panels_D.uasset" 907
"../../../FPS/Content/StarterContent/Textures/T_Concrete_Panels_N.uasset" 908
"../../../FPS/Content/StarterContent/Materials/M_Concrete_Panels.uasset" 909
"../../../FPS/Content/StarterContent/Textures/T_Concrete_Poured_D.uasset" 910
"../../../FPS/Content/StarterContent/Textures/T_Concrete_Poured_N.uasset" 911
"../../../FPS/Content/StarterContent/Materials/M_Concrete_Poured.uasset" 912
"../../../FPS/Content/StarterContent/Textures/T_Concrete_Tiles_D.uasset" 913
"../../../FPS/Content/StarterContent/Textures/T_Concrete_Tiles_M.uasset" 914
"../../../FPS/Content/StarterContent/Textures/T_Concrete_Tiles_N.uasset" 915
"../../../FPS/Content/StarterContent/Textures/T_Concrete_Tiles_Variation_M.uasset" 916
"../../../FPS/Content/StarterContent/Materials/M_Concrete_Tiles.uasset" 917
"../../../FPS/Content/StarterContent/Textures/T_Ground_Grass_D.uasset" 918
"../../../FPS/Content/StarterContent/Textures/T_Ground_Grass_N.uasset" 919
"../../../FPS/Content/StarterContent/Materials/M_Ground_Grass.uasset" 920
"../../../FPS/Content/StarterContent/Textures/T_Ground_Gravel_D.uasset" 921
"../../../FPS/Content/StarterContent/Textures/T_Ground_Gravel_N.uasset" 922
"../../../FPS/Content/StarterContent/Materials/M_Ground_Gravel.uasset" 923
"../../../FPS/Content/StarterContent/Textures/T_ground_Moss_D.uasset" 924
"../../../FPS/Content/StarterContent/Textures/T_Ground_Moss_N.uasset" 925
"../../../FPS/Content/StarterContent/Materials/M_Ground_Moss.uasset" 926
"../../../FPS/Content/StarterContent/Materials/M_Metal_Chrome.uasset" 927
"../../../FPS/Content/StarterContent/Textures/T_Metal_Gold_D.uasset" 928
"../../../FPS/Content/StarterContent/Materials/M_Metal_Gold.uasset" 929
"../../../FPS/Content/StarterContent/Textures/T_Metal_Rust_D.uasset" 930
"../../../FPS/Content/StarterContent/Materials/M_Metal_Rust.uasset" 931
"../../../FPS/Content/StarterContent/Textures/T_Metal_Steel_D.uasset" 932
"../../../FPS/Content/StarterContent/Textures/T_Metal_Steel_N.uasset" 933
"../../../FPS/Content/StarterContent/Materials/M_Metal_Steel.uasset" 934
"../../../FPS/Content/StarterContent/Textures/T_Rock_Basalt_N.uasset" 935
"../../../FPS/Content/StarterContent/Materials/M_Rock_Basalt.uasset" 936
"../../../FPS/Content/StarterContent/Materials/M_Rock_Marble_Polished.uasset" 937
"../../../FPS/Content/StarterContent/Textures/T_Rock_Sandstone_D.uasset" 938
"../../../FPS/Content/StarterContent/Textures/T_Rock_Sandstone_N.uasset" 939
"../../../FPS/Content/StarterContent/Materials/M_Rock_Sandstone.uasset" 940
"../../../FPS/Content/StarterContent/Textures/T_Rock_Slate_D.uasset" 941
"../../../FPS/Content/StarterContent/Textures/T_Rock_Slate_N.uasset" 942
"../../../FPS/Content/StarterContent/Materials/M_Rock_Slate.uasset" 943
"../../../FPS/Content/StarterContent/Textures/T_Checker_Noise_M.uasset" 944
"../../../FPS/Content/StarterContent/Textures/T_Single_Tile_N.uasset" 945
"../../../FPS/Content/StarterContent/Textures/T_Tech_Dot_M.uasset" 946
"../../../FPS/Content/StarterContent/Textures/T_Tech_Dot_N.uasset" 947
"../../../FPS/Content/StarterContent/Materials/M_Tech_Checker_Dot.uasset" 948
"../../../FPS/Content/StarterContent/Textures/T_Tech_Hex_Tile_M.uasset" 949
"../../../FPS/Content/StarterContent/Textures/T_Tech_Hex_Tile_N.uasset" 950
"../../../FPS/Content/StarterContent/Materials/M_Tech_Hex_Tile.uasset" 951
"../../../FPS/Content/StarterContent/Materials/M_Tech_Hex_Tile_Pulse.uasset" 952
"../../../FPS/Content/StarterContent/Textures/T_Tech_Panel_M.uasset" 953
"../../../FPS/Content/StarterContent/Textures/T_Tech_Panel_N.uasset" 954
"../../../FPS/Content/StarterContent/Materials/M_Tech_Panel.uasset" 955
"../../../FPS/Content/StarterContent/Materials/M_Water_Lake.uasset" 956
"../../../FPS/Content/StarterContent/Textures/T_Water_M.uasset" 957
"../../../FPS/Content/StarterContent/Materials/M_Water_Ocean.uasset" 958
"../../../FPS/Content/StarterContent/Textures/T_Wood_Floor_Walnut_D.uasset" 959
"../../../FPS/Content/StarterContent/Textures/T_Wood_Floor_Walnut_M.uasset" 960
"../../../FPS/Content/StarterContent/Textures/T_Wood_Floor_Walnut_N.uasset" 961
"../../../FPS/Content/StarterContent/Materials/M_Wood_Floor_Walnut_Polished.uasset" 962
"../../../Engine/Content/Functions/Engine_MaterialFunctions01/Opacity/AlphaOffset.uasset" 963
"../../../FPS/Content/StarterContent/Materials/M_Wood_Floor_Walnut_Worn.uasset" 964
"../../../FPS/Content/StarterContent/Textures/T_Wood_Oak_N.uasset" 965
"../../../FPS/Content/StarterContent/Materials/M_Wood_Oak.uasset" 966
"../../../FPS/Content/StarterContent/Textures/T_Wood_Pine_N.uasset" 967
"../../../FPS/Content/StarterContent/Materials/M_Wood_Pine.uasset" 968
"../../../FPS/Content/StarterContent/Textures/T_Wood_Walnut_N.uasset" 969
"../../../FPS/Content/StarterContent/Materials/M_Wood_Walnut.uasset" 970
"../../../FPS/Content/StarterContent/Architecture/Wall_400x200.uasset" 971
"../../../FPS/Content/StarterContent/Architecture/Wall_Door_400x300.uasset" 972
"../../../FPS/Content/StarterContent/Architecture/Wall_Window_400x300.uasset" 973
"../../../FPS/Content/StarterContent/Audio/Collapse_Cue.uasset" 974
"../../../FPS/Content/StarterContent/Audio/Starter_Music_Cue.uasset" 975
"../../../FPS/Content/StarterContent/Textures/T_Dust_Particle_D.uasset" 976
"../../../FPS/Content/StarterContent/Particles/Materials/M_Dust_Particle.uasset" 977
"../../../FPS/Content/StarterContent/Particles/P_Ambient_Dust.uasset" 978
"../../../FPS/Content/StarterContent/Props/MaterialSphere.uasset" 979
"../../../FPS/Content/StarterContent/Textures/T_Frame_M.uasset" 980
"../../../FPS/Content/StarterContent/Textures/T_Frame_N.uasset" 981
"../../../FPS/Content/StarterContent/Props/Materials/M_Frame.uasset" 982
"../../../FPS/Content/StarterContent/Props/SM_CornerFrame.uasset" 983
"../../../FPS/Content/StarterContent/Props/SM_DoorFrame.uasset" 984
"../../../FPS/Content/StarterContent/Props/SM_GlassWindow.uasset" 985
"../../../FPS/Content/StarterContent/Props/SM_PillarFrame.uasset" 986
"../../../FPS/Content/StarterContent/Props/SM_PillarFrame300.uasset" 987
"../../../FPS/Content/StarterContent/Props/SM_WindowFrame.uasset" 988
"../../../FPS/Content/StarterContent/Shapes/Shape_QuadPyramid.uasset" 989
"../../../FPS/Content/StarterContent/Shapes/Shape_Sphere.uasset" 990
"../../../FPS/Content/StarterContent/Maps/StarterMap.umap" 991
"../../../Engine/Content/Maps/Entry.umap" 992
